[INFO ] 2018-01-06 00:37:55.745 [main] MamasnackWsApplication - Starting MamasnackWsApplication on AYOUB-PC with PID 2952 (C:\Users\aybbk\git\mamaSnack0\target\classes started by aybbk in C:\Users\aybbk\git\mamaSnack0)
[INFO ] 2018-01-06 00:37:55.768 [main] MamasnackWsApplication - The following profiles are active: @spring.profiles.active@
[INFO ] 2018-01-06 00:59:23.896 [main] MamasnackWsApplication - Starting MamasnackWsApplication on AYOUB-PC with PID 3192 (C:\Users\aybbk\git\mamaSnack0\target\classes started by aybbk in C:\Users\aybbk\git\mamaSnack0)
[INFO ] 2018-01-06 00:59:23.908 [main] MamasnackWsApplication - The following profiles are active: @spring.profiles.active@
[INFO ] 2018-01-06 00:59:33.702 [main] MamasnackWsApplication - Started MamasnackWsApplication in 10.335 seconds (JVM running for 12.616)
[INFO ] 2018-01-06 01:04:10.043 [main] MamasnackWsApplication - Starting MamasnackWsApplication on AYOUB-PC with PID 13044 (C:\Users\aybbk\git\mamaSnack0\target\classes started by aybbk in C:\Users\aybbk\git\mamaSnack0)
[INFO ] 2018-01-06 01:04:10.050 [main] MamasnackWsApplication - The following profiles are active: @spring.profiles.active@
[INFO ] 2018-01-06 01:04:16.542 [main] MamasnackWsApplication - Started MamasnackWsApplication in 6.849 seconds (JVM running for 8.005)
[INFO ] 2018-01-06 01:17:30.551 [main] MamasnackWsApplication - Starting MamasnackWsApplication on AYOUB-PC with PID 5180 (C:\Users\aybbk\git\mamaSnack0\target\classes started by aybbk in C:\Users\aybbk\git\mamaSnack0)
[INFO ] 2018-01-06 01:17:30.556 [main] MamasnackWsApplication - The following profiles are active: @spring.profiles.active@
[INFO ] 2018-01-06 01:18:05.417 [main] MamasnackWsApplication - Starting MamasnackWsApplication on AYOUB-PC with PID 12340 (C:\Users\aybbk\git\mamaSnack0\target\classes started by aybbk in C:\Users\aybbk\git\mamaSnack0)
[INFO ] 2018-01-06 01:18:05.422 [main] MamasnackWsApplication - The following profiles are active: @spring.profiles.active@
[INFO ] 2018-01-06 01:18:12.358 [main] MamasnackWsApplication - Started MamasnackWsApplication in 7.276 seconds (JVM running for 8.574)
[INFO ] 2018-01-06 01:49:45.405 [main] MamasnackWsApplication - Starting MamasnackWsApplication on AYOUB-PC with PID 1608 (C:\Users\aybbk\git\mamaSnack0\target\classes started by aybbk in C:\Users\aybbk\git\mamaSnack0)
[INFO ] 2018-01-06 01:49:45.415 [main] MamasnackWsApplication - The following profiles are active: @spring.profiles.active@
[INFO ] 2018-01-06 01:49:52.365 [main] MamasnackWsApplication - Started MamasnackWsApplication in 7.335 seconds (JVM running for 8.419)
[INFO ] 2018-01-06 02:27:51.526 [main] MamasnackWsApplicationTests - Starting MamasnackWsApplicationTests on AYOUB-PC with PID 12060 (started by aybbk in C:\Users\aybbk\git\mamaSnack0)
[INFO ] 2018-01-06 02:27:51.540 [main] MamasnackWsApplicationTests - The following profiles are active: @spring.profiles.active@
[INFO ] 2018-01-06 02:41:54.109 [main] MamasnackWsApplication - Starting MamasnackWsApplication on AYOUB-PC with PID 10388 (C:\Users\aybbk\git\mamaSnack0\target\classes started by aybbk in C:\Users\aybbk\git\mamaSnack0)
[INFO ] 2018-01-06 02:41:54.129 [main] MamasnackWsApplication - The following profiles are active: @spring.profiles.active@
[INFO ] 2018-01-06 02:44:20.600 [main] MamasnackWsApplication - Starting MamasnackWsApplication on AYOUB-PC with PID 8984 (C:\Users\aybbk\git\mamaSnack0\target\classes started by aybbk in C:\Users\aybbk\git\mamaSnack0)
[INFO ] 2018-01-06 02:44:20.606 [main] MamasnackWsApplication - The following profiles are active: @spring.profiles.active@
[INFO ] 2018-01-06 02:45:37.992 [main] MamasnackWsApplication - Starting MamasnackWsApplication on AYOUB-PC with PID 8332 (C:\Users\aybbk\git\mamaSnack0\target\classes started by aybbk in C:\Users\aybbk\git\mamaSnack0)
[INFO ] 2018-01-06 02:45:38.001 [main] MamasnackWsApplication - The following profiles are active: @spring.profiles.active@
[INFO ] 2018-01-06 02:45:44.647 [main] MamasnackWsApplication - Started MamasnackWsApplication in 7.051 seconds (JVM running for 8.255)
[INFO ] 2018-01-06 15:17:26.003 [main] MamasnackWsApplication - Starting MamasnackWsApplication on AYOUB-PC with PID 12356 (C:\Users\aybbk\git\mamaSnack0\target\classes started by aybbk in C:\Users\aybbk\git\mamaSnack0)
[INFO ] 2018-01-06 15:17:26.019 [main] MamasnackWsApplication - The following profiles are active: @spring.profiles.active@
[INFO ] 2018-01-06 15:17:33.287 [main] MamasnackWsApplication - Started MamasnackWsApplication in 8.173 seconds (JVM running for 9.889)
[INFO ] 2018-01-06 15:19:27.543 [main] MamasnackWsApplicationTests - Starting MamasnackWsApplicationTests on AYOUB-PC with PID 11952 (started by aybbk in C:\Users\aybbk\git\mamaSnack0)
[INFO ] 2018-01-06 15:19:27.557 [main] MamasnackWsApplicationTests - The following profiles are active: @spring.profiles.active@
[INFO ] 2018-01-06 15:21:26.452 [main] MamasnackWsApplicationTests - Starting MamasnackWsApplicationTests on AYOUB-PC with PID 10116 (started by aybbk in C:\Users\aybbk\git\mamaSnack0)
[INFO ] 2018-01-06 15:21:26.464 [main] MamasnackWsApplicationTests - The following profiles are active: @spring.profiles.active@
[INFO ] 2018-01-06 15:23:16.508 [main] MamasnackWsApplicationTests - Starting MamasnackWsApplicationTests on AYOUB-PC with PID 7000 (started by aybbk in C:\Users\aybbk\git\mamaSnack0)
[INFO ] 2018-01-06 15:23:16.518 [main] MamasnackWsApplicationTests - The following profiles are active: @spring.profiles.active@
[INFO ] 2018-01-06 15:24:52.406 [main] MamasnackWsApplication - Starting MamasnackWsApplication on AYOUB-PC with PID 9892 (C:\Users\aybbk\git\mamaSnack0\target\classes started by aybbk in C:\Users\aybbk\git\mamaSnack0)
[INFO ] 2018-01-06 15:24:52.422 [main] MamasnackWsApplication - The following profiles are active: @spring.profiles.active@
[INFO ] 2018-01-06 15:25:16.716 [main] MamasnackWsApplication - Starting MamasnackWsApplication on AYOUB-PC with PID 8228 (C:\Users\aybbk\git\mamaSnack0\target\classes started by aybbk in C:\Users\aybbk\git\mamaSnack0)
[INFO ] 2018-01-06 15:25:16.732 [main] MamasnackWsApplication - The following profiles are active: @spring.profiles.active@
[INFO ] 2018-01-06 15:31:13.057 [main] MamasnackWsApplication - Starting MamasnackWsApplication on AYOUB-PC with PID 10260 (C:\Users\aybbk\git\mamaSnack0\target\classes started by aybbk in C:\Users\aybbk\git\mamaSnack0)
[INFO ] 2018-01-06 15:31:13.062 [main] MamasnackWsApplication - The following profiles are active: @spring.profiles.active@
[INFO ] 2018-01-06 15:31:47.749 [main] MamasnackWsApplication - Starting MamasnackWsApplication on AYOUB-PC with PID 11808 (C:\Users\aybbk\git\mamaSnack0\target\classes started by aybbk in C:\Users\aybbk\git\mamaSnack0)
[INFO ] 2018-01-06 15:31:47.755 [main] MamasnackWsApplication - The following profiles are active: @spring.profiles.active@
[INFO ] 2018-01-06 15:32:51.048 [main] MamasnackWsApplication - Starting MamasnackWsApplication on AYOUB-PC with PID 5436 (C:\Users\aybbk\git\mamaSnack0\target\classes started by aybbk in C:\Users\aybbk\git\mamaSnack0)
[INFO ] 2018-01-06 15:32:51.053 [main] MamasnackWsApplication - The following profiles are active: @spring.profiles.active@
[INFO ] 2018-01-06 15:44:19.683 [main] MamasnackWsApplication - Starting MamasnackWsApplication on AYOUB-PC with PID 5972 (C:\Users\aybbk\git\mamaSnack0\target\classes started by aybbk in C:\Users\aybbk\git\mamaSnack0)
[INFO ] 2018-01-06 15:44:19.688 [main] MamasnackWsApplication - The following profiles are active: @spring.profiles.active@
[INFO ] 2018-01-06 15:45:02.939 [main] MamasnackWsApplication - Starting MamasnackWsApplication on AYOUB-PC with PID 712 (C:\Users\aybbk\git\mamaSnack0\target\classes started by aybbk in C:\Users\aybbk\git\mamaSnack0)
[INFO ] 2018-01-06 15:45:02.944 [main] MamasnackWsApplication - The following profiles are active: @spring.profiles.active@
[INFO ] 2018-01-06 15:45:23.494 [main] MamasnackWsApplication - Starting MamasnackWsApplication on AYOUB-PC with PID 8892 (C:\Users\aybbk\git\mamaSnack0\target\classes started by aybbk in C:\Users\aybbk\git\mamaSnack0)
[INFO ] 2018-01-06 15:45:23.501 [main] MamasnackWsApplication - The following profiles are active: @spring.profiles.active@
[INFO ] 2018-01-06 15:47:40.446 [main] MamasnackWsApplication - Starting MamasnackWsApplication on AYOUB-PC with PID 2164 (C:\Users\aybbk\git\mamaSnack0\target\classes started by aybbk in C:\Users\aybbk\git\mamaSnack0)
[INFO ] 2018-01-06 15:47:40.452 [main] MamasnackWsApplication - The following profiles are active: @spring.profiles.active@
[INFO ] 2018-01-06 15:52:55.262 [main] MamasnackWsApplication - Starting MamasnackWsApplication on AYOUB-PC with PID 3352 (C:\Users\aybbk\git\mamaSnack0\target\classes started by aybbk in C:\Users\aybbk\git\mamaSnack0)
[INFO ] 2018-01-06 15:52:55.267 [main] MamasnackWsApplication - The following profiles are active: @spring.profiles.active@
[INFO ] 2018-01-06 15:53:27.217 [main] MamasnackWsApplication - Starting MamasnackWsApplication on AYOUB-PC with PID 9072 (C:\Users\aybbk\git\mamaSnack0\target\classes started by aybbk in C:\Users\aybbk\git\mamaSnack0)
[INFO ] 2018-01-06 15:53:27.225 [main] MamasnackWsApplication - The following profiles are active: @spring.profiles.active@
[INFO ] 2018-01-06 16:07:54.134 [main] MamasnackWsApplication - Starting MamasnackWsApplication on AYOUB-PC with PID 5444 (C:\Users\aybbk\git\mamaSnack0\target\classes started by aybbk in C:\Users\aybbk\git\mamaSnack0)
[INFO ] 2018-01-06 16:07:54.143 [main] MamasnackWsApplication - The following profiles are active: @spring.profiles.active@
[INFO ] 2018-01-06 16:37:43.685 [main] MamasnackWsApplicationTests - Starting MamasnackWsApplicationTests on AYOUB-PC with PID 7620 (started by aybbk in C:\Users\aybbk\git\mamaSnack0)
[INFO ] 2018-01-06 16:37:43.697 [main] MamasnackWsApplicationTests - The following profiles are active: @spring.profiles.active@
[INFO ] 2018-01-06 16:38:09.646 [main] MamasnackWsApplication - Starting MamasnackWsApplication on AYOUB-PC with PID 7672 (C:\Users\aybbk\git\mamaSnack0\target\classes started by aybbk in C:\Users\aybbk\git\mamaSnack0)
[INFO ] 2018-01-06 16:38:09.656 [main] MamasnackWsApplication - The following profiles are active: @spring.profiles.active@
[INFO ] 2018-01-06 16:39:37.498 [main] MamasnackWsApplication - Starting MamasnackWsApplication on AYOUB-PC with PID 8024 (C:\Users\aybbk\git\mamaSnack0\target\classes started by aybbk in C:\Users\aybbk\git\mamaSnack0)
[INFO ] 2018-01-06 16:39:37.503 [main] MamasnackWsApplication - The following profiles are active: @spring.profiles.active@
[INFO ] 2018-01-06 16:50:06.632 [main] MamasnackWsApplication - Starting MamasnackWsApplication on AYOUB-PC with PID 10360 (C:\Users\aybbk\git\mamaSnack0\target\classes started by aybbk in C:\Users\aybbk\git\mamaSnack0)
[INFO ] 2018-01-06 16:50:06.637 [main] MamasnackWsApplication - The following profiles are active: @spring.profiles.active@
[INFO ] 2018-01-06 16:50:50.779 [main] MamasnackWsApplication - Starting MamasnackWsApplication on AYOUB-PC with PID 2036 (C:\Users\aybbk\git\mamaSnack0\target\classes started by aybbk in C:\Users\aybbk\git\mamaSnack0)
[INFO ] 2018-01-06 16:50:50.784 [main] MamasnackWsApplication - The following profiles are active: @spring.profiles.active@
[INFO ] 2018-01-06 16:55:06.171 [main] MamasnackWsApplication - Starting MamasnackWsApplication on AYOUB-PC with PID 944 (C:\Users\aybbk\git\mamaSnack0\target\classes started by aybbk in C:\Users\aybbk\git\mamaSnack0)
[INFO ] 2018-01-06 16:55:06.180 [main] MamasnackWsApplication - The following profiles are active: @spring.profiles.active@
[INFO ] 2018-01-06 16:58:17.249 [main] MamasnackWsApplication - Starting MamasnackWsApplication on AYOUB-PC with PID 6252 (C:\Users\aybbk\git\mamaSnack0\target\classes started by aybbk in C:\Users\aybbk\git\mamaSnack0)
[INFO ] 2018-01-06 16:58:17.259 [main] MamasnackWsApplication - The following profiles are active: @spring.profiles.active@
[INFO ] 2018-01-06 17:03:23.676 [main] MamasnackWsApplication - Starting MamasnackWsApplication on AYOUB-PC with PID 1904 (C:\Users\aybbk\git\mamaSnack0\target\classes started by aybbk in C:\Users\aybbk\git\mamaSnack0)
[INFO ] 2018-01-06 17:03:23.682 [main] MamasnackWsApplication - The following profiles are active: @spring.profiles.active@
[INFO ] 2018-01-06 17:03:31.588 [main] MamasnackWsApplication - Started MamasnackWsApplication in 8.363 seconds (JVM running for 9.99)
[INFO ] 2018-01-06 17:05:54.321 [main] MamasnackWsApplication - Starting MamasnackWsApplication on AYOUB-PC with PID 7288 (C:\Users\aybbk\git\mamaSnack0\target\classes started by aybbk in C:\Users\aybbk\git\mamaSnack0)
[INFO ] 2018-01-06 17:05:54.327 [main] MamasnackWsApplication - The following profiles are active: @spring.profiles.active@
[INFO ] 2018-01-06 17:06:01.633 [main] MamasnackWsApplication - Started MamasnackWsApplication in 7.738 seconds (JVM running for 9.013)
[INFO ] 2018-01-06 17:54:43.668 [main] MamasnackWsApplication - Starting MamasnackWsApplication on AYOUB-PC with PID 5804 (C:\Users\aybbk\git\mamaSnack0\target\classes started by aybbk in C:\Users\aybbk\git\mamaSnack0)
[INFO ] 2018-01-06 17:54:43.676 [main] MamasnackWsApplication - The following profiles are active: @spring.profiles.active@
[INFO ] 2018-01-06 17:55:13.327 [main] MamasnackWsApplication - Starting MamasnackWsApplication on AYOUB-PC with PID 11668 (C:\Users\aybbk\git\mamaSnack0\target\classes started by aybbk in C:\Users\aybbk\git\mamaSnack0)
[INFO ] 2018-01-06 17:55:13.337 [main] MamasnackWsApplication - The following profiles are active: @spring.profiles.active@
[INFO ] 2018-01-06 17:55:37.977 [main] MamasnackWsApplication - Starting MamasnackWsApplication on AYOUB-PC with PID 3184 (C:\Users\aybbk\git\mamaSnack0\target\classes started by aybbk in C:\Users\aybbk\git\mamaSnack0)
[INFO ] 2018-01-06 17:55:37.984 [main] MamasnackWsApplication - The following profiles are active: @spring.profiles.active@
[INFO ] 2018-01-06 17:56:22.874 [main] MamasnackWsApplication - Starting MamasnackWsApplication on AYOUB-PC with PID 3516 (C:\Users\aybbk\git\mamaSnack0\target\classes started by aybbk in C:\Users\aybbk\git\mamaSnack0)
[INFO ] 2018-01-06 17:56:22.901 [main] MamasnackWsApplication - The following profiles are active: @spring.profiles.active@
[INFO ] 2018-01-06 17:56:39.233 [main] MamasnackWsApplication - Starting MamasnackWsApplication on AYOUB-PC with PID 6292 (C:\Users\aybbk\git\mamaSnack0\target\classes started by aybbk in C:\Users\aybbk\git\mamaSnack0)
[INFO ] 2018-01-06 17:56:39.240 [main] MamasnackWsApplication - The following profiles are active: @spring.profiles.active@
[INFO ] 2018-01-06 17:56:45.486 [main] MamasnackWsApplication - Started MamasnackWsApplication in 6.615 seconds (JVM running for 7.664)
[INFO ] 2018-01-06 17:57:01.042 [main] MamasnackWsApplication - Starting MamasnackWsApplication on AYOUB-PC with PID 4436 (C:\Users\aybbk\git\mamaSnack0\target\classes started by aybbk in C:\Users\aybbk\git\mamaSnack0)
[INFO ] 2018-01-06 17:57:01.049 [main] MamasnackWsApplication - The following profiles are active: @spring.profiles.active@
[INFO ] 2018-01-06 17:57:07.064 [main] MamasnackWsApplication - Started MamasnackWsApplication in 6.364 seconds (JVM running for 7.758)
[INFO ] 2018-01-06 18:00:58.373 [main] MamasnackWsApplicationTests - Starting MamasnackWsApplicationTests on AYOUB-PC with PID 12896 (started by aybbk in C:\Users\aybbk\git\mamaSnack0)
[INFO ] 2018-01-06 18:00:58.385 [main] MamasnackWsApplicationTests - The following profiles are active: @spring.profiles.active@
[INFO ] 2018-01-06 18:01:09.274 [main] MamasnackWsApplicationTests - Started MamasnackWsApplicationTests in 11.194 seconds (JVM running for 13.805)
[INFO ] 2018-01-06 18:02:18.700 [main] MamasnackWsApplication - Starting MamasnackWsApplication on AYOUB-PC with PID 8500 (C:\Users\aybbk\git\mamaSnack0\target\classes started by aybbk in C:\Users\aybbk\git\mamaSnack0)
[INFO ] 2018-01-06 18:02:18.709 [main] MamasnackWsApplication - The following profiles are active: @spring.profiles.active@
[INFO ] 2018-01-06 18:02:31.069 [main] MamasnackWsApplication - Started MamasnackWsApplication in 12.941 seconds (JVM running for 37.521)
[INFO ] 2018-01-06 18:05:30.775 [main] MamasnackWsApplicationTests - Starting MamasnackWsApplicationTests on AYOUB-PC with PID 2648 (started by aybbk in C:\Users\aybbk\git\mamaSnack0)
[INFO ] 2018-01-06 18:05:30.786 [main] MamasnackWsApplicationTests - The following profiles are active: @spring.profiles.active@
[INFO ] 2018-01-06 18:05:43.610 [main] MamasnackWsApplicationTests - Started MamasnackWsApplicationTests in 13.203 seconds (JVM running for 15.681)
[INFO ] 2018-01-06 18:06:33.980 [main] MamasnackWsApplication - Starting MamasnackWsApplication on AYOUB-PC with PID 6732 (C:\Users\aybbk\git\mamaSnack0\target\classes started by aybbk in C:\Users\aybbk\git\mamaSnack0)
[INFO ] 2018-01-06 18:06:33.991 [main] MamasnackWsApplication - The following profiles are active: @spring.profiles.active@
[INFO ] 2018-01-06 18:08:40.810 [main] MamasnackWsApplicationTests - Starting MamasnackWsApplicationTests on AYOUB-PC with PID 6400 (started by aybbk in C:\Users\aybbk\git\mamaSnack0)
[INFO ] 2018-01-06 18:08:40.830 [main] MamasnackWsApplicationTests - The following profiles are active: @spring.profiles.active@
[INFO ] 2018-01-06 18:08:51.814 [main] MamasnackWsApplicationTests - Started MamasnackWsApplicationTests in 11.312 seconds (JVM running for 13.751)
[INFO ] 2018-01-06 18:09:27.763 [main] MamasnackWsApplication - Starting MamasnackWsApplication on AYOUB-PC with PID 4348 (C:\Users\aybbk\git\mamaSnack0\target\classes started by aybbk in C:\Users\aybbk\git\mamaSnack0)
[INFO ] 2018-01-06 18:09:27.781 [main] MamasnackWsApplication - The following profiles are active: @spring.profiles.active@
[INFO ] 2018-01-06 18:09:38.734 [main] MamasnackWsApplication - Started MamasnackWsApplication in 11.5 seconds (JVM running for 23.704)
[INFO ] 2018-01-06 18:11:30.920 [main] MamasnackWsApplication - Starting MamasnackWsApplication on AYOUB-PC with PID 12976 (C:\Users\aybbk\git\mamaSnack0\target\classes started by aybbk in C:\Users\aybbk\git\mamaSnack0)
[INFO ] 2018-01-06 18:11:30.926 [main] MamasnackWsApplication - The following profiles are active: @spring.profiles.active@
[INFO ] 2018-01-06 18:11:57.622 [main] MamasnackWsApplication - Starting MamasnackWsApplication on AYOUB-PC with PID 5764 (C:\Users\aybbk\git\mamaSnack0\target\classes started by aybbk in C:\Users\aybbk\git\mamaSnack0)
[INFO ] 2018-01-06 18:11:57.627 [main] MamasnackWsApplication - The following profiles are active: @spring.profiles.active@
[INFO ] 2018-01-06 18:12:03.167 [main] MamasnackWsApplication - Started MamasnackWsApplication in 5.852 seconds (JVM running for 6.837)
[INFO ] 2018-01-06 18:17:26.463 [main] MamasnackWsApplicationTests - Starting MamasnackWsApplicationTests on AYOUB-PC with PID 6876 (started by aybbk in C:\Users\aybbk\git\mamaSnack0)
[INFO ] 2018-01-06 18:17:26.473 [main] MamasnackWsApplicationTests - The following profiles are active: @spring.profiles.active@
[INFO ] 2018-01-06 18:17:40.572 [main] MamasnackWsApplicationTests - Started MamasnackWsApplicationTests in 14.489 seconds (JVM running for 16.665)
[INFO ] 2018-01-06 18:19:06.609 [main] MamasnackWsApplication - Starting MamasnackWsApplication on AYOUB-PC with PID 1384 (C:\Users\aybbk\git\mamaSnack0\target\classes started by aybbk in C:\Users\aybbk\git\mamaSnack0)
[INFO ] 2018-01-06 18:19:06.620 [main] MamasnackWsApplication - The following profiles are active: @spring.profiles.active@
[INFO ] 2018-01-06 18:19:20.267 [main] MamasnackWsApplication - Started MamasnackWsApplication in 14.248 seconds (JVM running for 32.592)
[INFO ] 2018-01-06 18:28:20.366 [main] MamasnackWsApplication - Starting MamasnackWsApplication on AYOUB-PC with PID 9472 (C:\Users\aybbk\git\mamaSnack0\target\classes started by aybbk in C:\Users\aybbk\git\mamaSnack0)
[INFO ] 2018-01-06 18:28:20.374 [main] MamasnackWsApplication - The following profiles are active: @spring.profiles.active@
[INFO ] 2018-01-06 18:28:27.333 [main] MamasnackWsApplication - Started MamasnackWsApplication in 7.34 seconds (JVM running for 8.315)
[INFO ] 2018-01-06 18:28:54.530 [http-nio-8080-exec-6] CommandeMetierImpl - Info message
[ERROR] 2018-01-06 18:28:54.671 [http-nio-8080-exec-6] CommandeRestService - com.mamasnack.service.CommandeRestServiceune erreur est produite lors de l'exécution du web service listCommandes() : Unable to find com.mamasnack.entities.User with id 0; nested exception is javax.persistence.EntityNotFoundException: Unable to find com.mamasnack.entities.User with id 0
[INFO ] 2018-01-06 18:29:13.347 [http-nio-8080-exec-7] CommandeMetierImpl - Info message
[ERROR] 2018-01-06 18:29:13.361 [http-nio-8080-exec-7] CommandeRestService - com.mamasnack.service.CommandeRestServiceune erreur est produite lors de l'exécution du web service listCommandes() : Unable to find com.mamasnack.entities.User with id 0; nested exception is javax.persistence.EntityNotFoundException: Unable to find com.mamasnack.entities.User with id 0
[INFO ] 2018-01-06 18:30:27.780 [main] MamasnackWsApplicationTests - Starting MamasnackWsApplicationTests on AYOUB-PC with PID 10236 (started by aybbk in C:\Users\aybbk\git\mamaSnack0)
[INFO ] 2018-01-06 18:30:27.793 [main] MamasnackWsApplicationTests - The following profiles are active: @spring.profiles.active@
[INFO ] 2018-01-06 18:30:39.886 [main] MamasnackWsApplicationTests - Started MamasnackWsApplicationTests in 12.786 seconds (JVM running for 14.849)
[INFO ] 2018-01-06 18:31:39.680 [main] MamasnackWsApplication - Starting MamasnackWsApplication on AYOUB-PC with PID 12352 (C:\Users\aybbk\git\mamaSnack0\target\classes started by aybbk in C:\Users\aybbk\git\mamaSnack0)
[INFO ] 2018-01-06 18:31:39.687 [main] MamasnackWsApplication - The following profiles are active: @spring.profiles.active@
[INFO ] 2018-01-06 18:31:46.373 [main] MamasnackWsApplication - Started MamasnackWsApplication in 7.065 seconds (JVM running for 8.096)
[INFO ] 2018-01-06 18:32:48.926 [main] MamasnackWsApplication - Starting MamasnackWsApplication on AYOUB-PC with PID 2692 (C:\Users\aybbk\git\mamaSnack0\target\classes started by aybbk in C:\Users\aybbk\git\mamaSnack0)
[INFO ] 2018-01-06 18:32:48.935 [main] MamasnackWsApplication - The following profiles are active: @spring.profiles.active@
[INFO ] 2018-01-06 18:33:02.221 [main] MamasnackWsApplication - Started MamasnackWsApplication in 13.821 seconds (JVM running for 29.827)
[INFO ] 2018-01-06 18:40:31.726 [main] MamasnackWsApplicationTests - Starting MamasnackWsApplicationTests on AYOUB-PC with PID 1948 (started by aybbk in C:\Users\aybbk\git\mamaSnack0)
[INFO ] 2018-01-06 18:40:31.750 [main] MamasnackWsApplicationTests - The following profiles are active: @spring.profiles.active@
[INFO ] 2018-01-06 18:40:46.466 [main] MamasnackWsApplicationTests - Started MamasnackWsApplicationTests in 15.12 seconds (JVM running for 17.9)
[INFO ] 2018-01-06 18:43:01.811 [main] MamasnackWsApplication - Starting MamasnackWsApplication on AYOUB-PC with PID 8324 (C:\Users\aybbk\git\mamaSnack0\target\classes started by aybbk in C:\Users\aybbk\git\mamaSnack0)
[INFO ] 2018-01-06 18:43:01.818 [main] MamasnackWsApplication - The following profiles are active: @spring.profiles.active@
[INFO ] 2018-01-06 18:43:08.215 [main] MamasnackWsApplication - Started MamasnackWsApplication in 6.812 seconds (JVM running for 7.844)
[INFO ] 2018-01-06 20:24:51.924 [main] MamasnackWsApplicationTests - Starting MamasnackWsApplicationTests on AYOUB-PC with PID 8028 (started by aybbk in C:\Users\aybbk\git\mamaSnack0)
[INFO ] 2018-01-06 20:24:51.949 [main] MamasnackWsApplicationTests - The following profiles are active: @spring.profiles.active@
[INFO ] 2018-01-06 20:25:03.414 [main] MamasnackWsApplicationTests - Started MamasnackWsApplicationTests in 13.043 seconds (JVM running for 15.327)
[INFO ] 2018-01-06 20:29:29.981 [main] MamasnackWsApplication - Starting MamasnackWsApplication on AYOUB-PC with PID 3892 (C:\Users\aybbk\git\mamaSnack0\target\classes started by aybbk in C:\Users\aybbk\git\mamaSnack0)
[INFO ] 2018-01-06 20:29:29.994 [main] MamasnackWsApplication - The following profiles are active: @spring.profiles.active@
[INFO ] 2018-01-06 20:29:45.643 [main] MamasnackWsApplication - Started MamasnackWsApplication in 16.498 seconds (JVM running for 32.608)
[INFO ] 2018-01-06 21:06:13.249 [main] MamasnackWsApplication - Starting MamasnackWsApplication on AYOUB-PC with PID 7816 (C:\Users\aybbk\git\mamaSnack0\target\classes started by aybbk in C:\Users\aybbk\git\mamaSnack0)
[INFO ] 2018-01-06 21:06:13.263 [main] MamasnackWsApplication - The following profiles are active: @spring.profiles.active@
[INFO ] 2018-01-06 21:06:21.202 [main] MamasnackWsApplication - Started MamasnackWsApplication in 8.432 seconds (JVM running for 9.507)
[INFO ] 2018-01-06 21:09:23.635 [main] MamasnackWsApplication - Starting MamasnackWsApplication on AYOUB-PC with PID 11284 (C:\Users\aybbk\git\mamaSnack0\target\classes started by aybbk in C:\Users\aybbk\git\mamaSnack0)
[INFO ] 2018-01-06 21:09:23.646 [main] MamasnackWsApplication - The following profiles are active: @spring.profiles.active@
[INFO ] 2018-01-06 21:09:29.600 [main] MamasnackWsApplication - Started MamasnackWsApplication in 6.407 seconds (JVM running for 7.493)
