[INFO ] 2017-11-14 11:51:43.407 [main] MamasnackWsApplication - Starting MamasnackWsApplication on AYOUB-PC with PID 3428 (C:\Users\aybbk\git\mamasnack\mamasnackWS\target\classes started by aybbk in C:\Users\aybbk\git\mamasnack\mamasnackWS)
[INFO ] 2017-11-14 11:51:43.424 [main] MamasnackWsApplication - The following profiles are active: @spring.profiles.active@
[INFO ] 2017-11-14 11:51:50.796 [main] MamasnackWsApplication - Started MamasnackWsApplication in 7.807 seconds (JVM running for 8.953)
[INFO ] 2017-11-14 12:46:28.022 [main] MamasnackWsApplication - Starting MamasnackWsApplication on AYOUB-PC with PID 1056 (C:\Users\aybbk\git\mamasnack\mamasnackWS\target\classes started by aybbk in C:\Users\aybbk\git\mamasnack\mamasnackWS)
[INFO ] 2017-11-14 12:46:28.032 [main] MamasnackWsApplication - The following profiles are active: @spring.profiles.active@
[INFO ] 2017-11-14 12:46:36.217 [main] MamasnackWsApplication - Started MamasnackWsApplication in 8.661 seconds (JVM running for 12.543)
[INFO ] 2017-11-14 12:48:02.077 [main] MamasnackWsApplication - Starting MamasnackWsApplication on AYOUB-PC with PID 6912 (C:\Users\aybbk\git\mamasnack\mamasnackWS\target\classes started by aybbk in C:\Users\aybbk\git\mamasnack\mamasnackWS)
[INFO ] 2017-11-14 12:48:02.082 [main] MamasnackWsApplication - The following profiles are active: @spring.profiles.active@
[INFO ] 2017-11-14 12:50:33.153 [main] MamasnackWsApplication - Starting MamasnackWsApplication on AYOUB-PC with PID 180 (C:\Users\aybbk\git\mamasnack\mamasnackWS\target\classes started by aybbk in C:\Users\aybbk\git\mamasnack\mamasnackWS)
[INFO ] 2017-11-14 12:50:33.164 [main] MamasnackWsApplication - The following profiles are active: @spring.profiles.active@
[INFO ] 2017-11-14 12:52:40.541 [main] MamasnackWsApplication - Starting MamasnackWsApplication on AYOUB-PC with PID 1128 (C:\Users\aybbk\git\mamasnack\mamasnackWS\target\classes started by aybbk in C:\Users\aybbk\git\mamasnack\mamasnackWS)
[INFO ] 2017-11-14 12:52:40.546 [main] MamasnackWsApplication - The following profiles are active: @spring.profiles.active@
[INFO ] 2017-11-14 12:53:20.099 [main] MamasnackWsApplication - Starting MamasnackWsApplication on AYOUB-PC with PID 4252 (C:\Users\aybbk\git\mamasnack\mamasnackWS\target\classes started by aybbk in C:\Users\aybbk\git\mamasnack\mamasnackWS)
[INFO ] 2017-11-14 12:53:20.107 [main] MamasnackWsApplication - The following profiles are active: @spring.profiles.active@
[INFO ] 2017-11-14 12:53:59.661 [main] MamasnackWsApplication - Starting MamasnackWsApplication on AYOUB-PC with PID 8364 (C:\Users\aybbk\git\mamasnack\mamasnackWS\target\classes started by aybbk in C:\Users\aybbk\git\mamasnack\mamasnackWS)
[INFO ] 2017-11-14 12:53:59.667 [main] MamasnackWsApplication - The following profiles are active: @spring.profiles.active@
[INFO ] 2017-11-14 12:54:55.100 [main] MamasnackWsApplication - Starting MamasnackWsApplication on AYOUB-PC with PID 13260 (C:\Users\aybbk\git\mamasnack\mamasnackWS\target\classes started by aybbk in C:\Users\aybbk\git\mamasnack\mamasnackWS)
[INFO ] 2017-11-14 12:54:55.106 [main] MamasnackWsApplication - The following profiles are active: @spring.profiles.active@
[INFO ] 2017-11-14 12:55:26.949 [main] MamasnackWsApplication - Starting MamasnackWsApplication on AYOUB-PC with PID 10640 (C:\Users\aybbk\git\mamasnack\mamasnackWS\target\classes started by aybbk in C:\Users\aybbk\git\mamasnack\mamasnackWS)
[INFO ] 2017-11-14 12:55:26.954 [main] MamasnackWsApplication - The following profiles are active: @spring.profiles.active@
[INFO ] 2017-11-14 12:56:26.317 [main] MamasnackWsApplication - Starting MamasnackWsApplication on AYOUB-PC with PID 9408 (C:\Users\aybbk\git\mamasnack\mamasnackWS\target\classes started by aybbk in C:\Users\aybbk\git\mamasnack\mamasnackWS)
[INFO ] 2017-11-14 12:56:26.322 [main] MamasnackWsApplication - The following profiles are active: @spring.profiles.active@
[INFO ] 2017-11-14 13:08:33.588 [main] MamasnackWsApplication - Starting MamasnackWsApplication on AYOUB-PC with PID 10156 (C:\Users\aybbk\git\mamasnack\mamasnackWS\target\classes started by aybbk in C:\Users\aybbk\git\mamasnack\mamasnackWS)
[INFO ] 2017-11-14 13:08:33.593 [main] MamasnackWsApplication - The following profiles are active: @spring.profiles.active@
[INFO ] 2017-11-14 13:15:29.817 [main] MamasnackWsApplication - Starting MamasnackWsApplication on AYOUB-PC with PID 6824 (C:\Users\aybbk\git\mamasnack\mamasnackWS\target\classes started by aybbk in C:\Users\aybbk\git\mamasnack\mamasnackWS)
[INFO ] 2017-11-14 13:15:29.822 [main] MamasnackWsApplication - The following profiles are active: @spring.profiles.active@
[INFO ] 2017-11-14 13:34:14.146 [main] MamasnackWsApplication - Starting MamasnackWsApplication on AYOUB-PC with PID 11832 (C:\Users\aybbk\git\mamasnack\mamasnackWS\target\classes started by aybbk in C:\Users\aybbk\git\mamasnack\mamasnackWS)
[INFO ] 2017-11-14 13:34:14.151 [main] MamasnackWsApplication - The following profiles are active: @spring.profiles.active@
[INFO ] 2017-11-14 19:37:00.277 [main] MamasnackWsApplication - Starting MamasnackWsApplication on AYOUB-PC with PID 14316 (C:\Users\aybbk\git\mamasnack\mamasnackWS\target\classes started by aybbk in C:\Users\aybbk\git\mamasnack\mamasnackWS)
[INFO ] 2017-11-14 19:37:00.286 [main] MamasnackWsApplication - The following profiles are active: @spring.profiles.active@
[INFO ] 2017-11-14 21:14:24.366 [main] MamasnackWsApplication - Starting MamasnackWsApplication on AYOUB-PC with PID 13824 (C:\Users\aybbk\git\mamasnack\mamasnackWS\target\classes started by aybbk in C:\Users\aybbk\git\mamasnack\mamasnackWS)
[INFO ] 2017-11-14 21:14:24.375 [main] MamasnackWsApplication - The following profiles are active: @spring.profiles.active@
[INFO ] 2017-11-15 12:28:06.136 [main] MamasnackWsApplication - Starting MamasnackWsApplication on AYOUB-PC with PID 13720 (C:\Users\aybbk\git\mamasnack\mamasnackWS\target\classes started by aybbk in C:\Users\aybbk\git\mamasnack\mamasnackWS)
[INFO ] 2017-11-15 12:28:06.145 [main] MamasnackWsApplication - The following profiles are active: @spring.profiles.active@
[INFO ] 2017-11-15 12:28:12.472 [main] MamasnackWsApplication - Started MamasnackWsApplication in 6.701 seconds (JVM running for 7.893)
[INFO ] 2017-11-15 18:17:29.646 [main] MamasnackWsApplication - Starting MamasnackWsApplication on AYOUB-PC with PID 7616 (C:\Users\aybbk\git\mamasnack\mamasnackWS\target\classes started by aybbk in C:\Users\aybbk\git\mamasnack\mamasnackWS)
[INFO ] 2017-11-15 18:17:29.661 [main] MamasnackWsApplication - The following profiles are active: @spring.profiles.active@
[INFO ] 2017-11-15 18:56:20.662 [main] MamasnackWsApplication - Starting MamasnackWsApplication on AYOUB-PC with PID 13596 (C:\Users\aybbk\git\mamasnack\mamasnackWS\target\classes started by aybbk in C:\Users\aybbk\git\mamasnack\mamasnackWS)
[INFO ] 2017-11-15 18:56:20.678 [main] MamasnackWsApplication - The following profiles are active: @spring.profiles.active@
[ERROR] 2017-11-15 20:00:54.750 [http-nio-8080-exec-2] UserMetierImpl - com.mamasnack.metier.UserMetierImplle role existe deja 2
[ERROR] 2017-11-15 20:01:05.635 [http-nio-8080-exec-7] UserMetierImpl - com.mamasnack.metier.UserMetierImplle role existe deja 3
[ERROR] 2017-11-15 21:05:36.306 [http-nio-8080-exec-1] UserMetierImpl - com.mamasnack.metier.UserMetierImplle role not existe in BD  !  : 
[ERROR] 2017-11-15 21:05:36.586 [http-nio-8080-exec-10] UserMetierImpl - com.mamasnack.metier.UserMetierImplle role not existe in BD  !  : 
[ERROR] 2017-11-15 21:05:36.745 [http-nio-8080-exec-4] UserMetierImpl - com.mamasnack.metier.UserMetierImplle role not existe in BD  !  : 
[ERROR] 2017-11-15 21:05:37.000 [http-nio-8080-exec-1] UserMetierImpl - com.mamasnack.metier.UserMetierImplle role not existe in BD  !  : 
[ERROR] 2017-11-15 21:05:37.169 [http-nio-8080-exec-8] UserMetierImpl - com.mamasnack.metier.UserMetierImplle role not existe in BD  !  : 
[ERROR] 2017-11-15 21:05:37.336 [http-nio-8080-exec-2] UserMetierImpl - com.mamasnack.metier.UserMetierImplle role not existe in BD  !  : 
[INFO ] 2017-11-15 21:42:09.816 [main] MamasnackWsApplication - Starting MamasnackWsApplication on AYOUB-PC with PID 6992 (C:\Users\aybbk\git\mamasnack\mamasnackWS\target\classes started by aybbk in C:\Users\aybbk\git\mamasnack\mamasnackWS)
[INFO ] 2017-11-15 21:42:09.825 [main] MamasnackWsApplication - The following profiles are active: @spring.profiles.active@
[INFO ] 2017-11-15 22:51:48.962 [main] MamasnackWsApplication - Starting MamasnackWsApplication on AYOUB-PC with PID 13344 (C:\Users\aybbk\git\mamasnack\mamasnackWS\target\classes started by aybbk in C:\Users\aybbk\git\mamasnack\mamasnackWS)
[INFO ] 2017-11-15 22:51:48.968 [main] MamasnackWsApplication - The following profiles are active: @spring.profiles.active@
[ERROR] 2017-11-15 23:52:02.417 [http-nio-8080-exec-10] UserRestService - com.mamasnack.service.UserRestServiceune erreur est produite lors de l'exécution du web service adduser : Validation failed for classes [com.mamasnack.entities.User] during persist time for groups [javax.validation.groups.Default, ]
List of constraint violations:[
	ConstraintViolationImpl{interpolatedMessage='doit être une adresse email bien formée', propertyPath=email, rootBeanClass=class com.mamasnack.entities.User, messageTemplate='{javax.validation.constraints.Email.message}'}
]
