[INFO ] 2017-12-14 14:08:31.072 [main] MamasnackWsApplication - Starting MamasnackWsApplication on AYOUB-PC with PID 2368 (C:\Users\aybbk\git\mamasnack\mamasnackWS\target\classes started by aybbk in C:\Users\aybbk\git\mamasnack\mamasnackWS)
[INFO ] 2017-12-14 14:08:31.092 [main] MamasnackWsApplication - The following profiles are active: @spring.profiles.active@
[INFO ] 2017-12-14 14:08:38.093 [main] MamasnackWsApplication - Started MamasnackWsApplication in 7.505 seconds (JVM running for 9.395)
[ERROR] 2017-12-14 14:08:40.354 [http-nio-8080-exec-8] UserRestService - com.mamasnack.service.UserRestServiceune erreur est produite lors de l'exécution du web service getuser : User inexistant !
[ERROR] 2017-12-14 14:08:40.393 [http-nio-8080-exec-8] UserRestService - com.mamasnack.service.UserRestServiceune erreur est produite lors de l'exécution du web service getuser : User inexistant !
[ERROR] 2017-12-14 14:08:53.303 [http-nio-8080-exec-8] UserRestService - com.mamasnack.service.UserRestServiceune erreur est produite lors de l'exécution du web service getuser : User inexistant !
[ERROR] 2017-12-14 14:15:03.869 [http-nio-8080-exec-7] UserRestService - com.mamasnack.service.UserRestServiceune erreur est produite lors de l'exécution du web service getuser : User inexistant !
[ERROR] 2017-12-14 14:15:07.819 [http-nio-8080-exec-4] UserRestService - com.mamasnack.service.UserRestServiceune erreur est produite lors de l'exécution du web service getuser : User inexistant !
[ERROR] 2017-12-14 14:15:07.939 [http-nio-8080-exec-10] UserRestService - com.mamasnack.service.UserRestServiceune erreur est produite lors de l'exécution du web service getuser : User inexistant !
[ERROR] 2017-12-14 14:21:31.183 [http-nio-8080-exec-9] UserRestService - com.mamasnack.service.UserRestServiceune erreur est produite lors de l'exécution du web service getuser : User inexistant !
[ERROR] 2017-12-14 14:21:31.264 [http-nio-8080-exec-10] UserRestService - com.mamasnack.service.UserRestServiceune erreur est produite lors de l'exécution du web service getuser : User inexistant !
[ERROR] 2017-12-14 15:21:33.931 [http-nio-8080-exec-4] UserRestService - com.mamasnack.service.UserRestServiceune erreur est produite lors de l'exécution du web service getuser : User inexistant !
[ERROR] 2017-12-14 15:21:33.944 [http-nio-8080-exec-4] UserRestService - com.mamasnack.service.UserRestServiceune erreur est produite lors de l'exécution du web service getuser : User inexistant !
[ERROR] 2017-12-14 15:21:36.318 [http-nio-8080-exec-6] UserRestService - com.mamasnack.service.UserRestServiceune erreur est produite lors de l'exécution du web service getuser : User inexistant !
[ERROR] 2017-12-14 15:21:36.369 [http-nio-8080-exec-5] UserRestService - com.mamasnack.service.UserRestServiceune erreur est produite lors de l'exécution du web service getuser : User inexistant !
[ERROR] 2017-12-14 15:21:37.197 [http-nio-8080-exec-8] UserRestService - com.mamasnack.service.UserRestServiceune erreur est produite lors de l'exécution du web service getuser : User inexistant !
[ERROR] 2017-12-14 15:21:37.274 [http-nio-8080-exec-7] UserRestService - com.mamasnack.service.UserRestServiceune erreur est produite lors de l'exécution du web service getuser : User inexistant !
[ERROR] 2017-12-14 15:21:49.507 [http-nio-8080-exec-5] UserRestService - com.mamasnack.service.UserRestServiceune erreur est produite lors de l'exécution du web service getuser : User inexistant !
[ERROR] 2017-12-14 15:21:49.590 [http-nio-8080-exec-3] UserRestService - com.mamasnack.service.UserRestServiceune erreur est produite lors de l'exécution du web service getuser : User inexistant !
[ERROR] 2017-12-14 15:21:54.318 [http-nio-8080-exec-10] UserRestService - com.mamasnack.service.UserRestServiceune erreur est produite lors de l'exécution du web service getuser : User inexistant !
[ERROR] 2017-12-14 15:23:01.996 [http-nio-8080-exec-10] UserRestService - com.mamasnack.service.UserRestServiceune erreur est produite lors de l'exécution du web service getuser : User inexistant !
[ERROR] 2017-12-14 15:23:02.079 [http-nio-8080-exec-2] UserRestService - com.mamasnack.service.UserRestServiceune erreur est produite lors de l'exécution du web service getuser : User inexistant !
[ERROR] 2017-12-14 15:23:20.158 [http-nio-8080-exec-3] UserRestService - com.mamasnack.service.UserRestServiceune erreur est produite lors de l'exécution du web service getuser : User inexistant !
[ERROR] 2017-12-14 15:23:20.239 [http-nio-8080-exec-9] UserRestService - com.mamasnack.service.UserRestServiceune erreur est produite lors de l'exécution du web service getuser : User inexistant !
[ERROR] 2017-12-14 15:23:42.832 [http-nio-8080-exec-2] UserRestService - com.mamasnack.service.UserRestServiceune erreur est produite lors de l'exécution du web service getuser : User inexistant !
[ERROR] 2017-12-14 15:23:42.889 [http-nio-8080-exec-8] UserRestService - com.mamasnack.service.UserRestServiceune erreur est produite lors de l'exécution du web service getuser : User inexistant !
[ERROR] 2017-12-14 15:23:45.030 [http-nio-8080-exec-10] UserRestService - com.mamasnack.service.UserRestServiceune erreur est produite lors de l'exécution du web service getuser : User inexistant !
[ERROR] 2017-12-14 15:23:45.077 [http-nio-8080-exec-6] UserRestService - com.mamasnack.service.UserRestServiceune erreur est produite lors de l'exécution du web service getuser : User inexistant !
[ERROR] 2017-12-14 15:23:46.051 [http-nio-8080-exec-5] UserRestService - com.mamasnack.service.UserRestServiceune erreur est produite lors de l'exécution du web service getuser : User inexistant !
[ERROR] 2017-12-14 15:23:46.096 [http-nio-8080-exec-3] UserRestService - com.mamasnack.service.UserRestServiceune erreur est produite lors de l'exécution du web service getuser : User inexistant !
[ERROR] 2017-12-14 15:23:46.951 [http-nio-8080-exec-1] UserRestService - com.mamasnack.service.UserRestServiceune erreur est produite lors de l'exécution du web service getuser : User inexistant !
[ERROR] 2017-12-14 15:23:46.991 [http-nio-8080-exec-7] UserRestService - com.mamasnack.service.UserRestServiceune erreur est produite lors de l'exécution du web service getuser : User inexistant !
[ERROR] 2017-12-14 15:23:48.624 [http-nio-8080-exec-3] UserRestService - com.mamasnack.service.UserRestServiceune erreur est produite lors de l'exécution du web service getuser : User inexistant !
[ERROR] 2017-12-14 15:23:51.329 [http-nio-8080-exec-3] UserRestService - com.mamasnack.service.UserRestServiceune erreur est produite lors de l'exécution du web service getuser : User inexistant !
[ERROR] 2017-12-14 15:23:51.366 [http-nio-8080-exec-6] UserRestService - com.mamasnack.service.UserRestServiceune erreur est produite lors de l'exécution du web service getuser : User inexistant !
[ERROR] 2017-12-14 15:23:52.098 [http-nio-8080-exec-7] UserRestService - com.mamasnack.service.UserRestServiceune erreur est produite lors de l'exécution du web service getuser : User inexistant !
[ERROR] 2017-12-14 15:23:52.138 [http-nio-8080-exec-5] UserRestService - com.mamasnack.service.UserRestServiceune erreur est produite lors de l'exécution du web service getuser : User inexistant !
[ERROR] 2017-12-14 15:23:52.740 [http-nio-8080-exec-9] UserRestService - com.mamasnack.service.UserRestServiceune erreur est produite lors de l'exécution du web service getuser : User inexistant !
[ERROR] 2017-12-14 15:23:52.786 [http-nio-8080-exec-8] UserRestService - com.mamasnack.service.UserRestServiceune erreur est produite lors de l'exécution du web service getuser : User inexistant !
[ERROR] 2017-12-14 15:23:53.110 [http-nio-8080-exec-4] UserRestService - com.mamasnack.service.UserRestServiceune erreur est produite lors de l'exécution du web service getuser : User inexistant !
[ERROR] 2017-12-14 15:23:53.151 [http-nio-8080-exec-10] UserRestService - com.mamasnack.service.UserRestServiceune erreur est produite lors de l'exécution du web service getuser : User inexistant !
[ERROR] 2017-12-14 15:23:53.432 [http-nio-8080-exec-8] UserRestService - com.mamasnack.service.UserRestServiceune erreur est produite lors de l'exécution du web service getuser : User inexistant !
[ERROR] 2017-12-14 15:23:53.471 [http-nio-8080-exec-2] UserRestService - com.mamasnack.service.UserRestServiceune erreur est produite lors de l'exécution du web service getuser : User inexistant !
[ERROR] 2017-12-14 15:23:56.418 [http-nio-8080-exec-10] UserRestService - com.mamasnack.service.UserRestServiceune erreur est produite lors de l'exécution du web service getuser : User inexistant !
[ERROR] 2017-12-14 15:23:56.487 [http-nio-8080-exec-9] UserRestService - com.mamasnack.service.UserRestServiceune erreur est produite lors de l'exécution du web service getuser : User inexistant !
[ERROR] 2017-12-14 15:23:59.986 [http-nio-8080-exec-8] UserRestService - com.mamasnack.service.UserRestServiceune erreur est produite lors de l'exécution du web service getuser : User inexistant !
[ERROR] 2017-12-14 15:24:41.531 [http-nio-8080-exec-8] UserRestService - com.mamasnack.service.UserRestServiceune erreur est produite lors de l'exécution du web service getuser : User inexistant !
[ERROR] 2017-12-14 15:24:41.606 [http-nio-8080-exec-5] UserRestService - com.mamasnack.service.UserRestServiceune erreur est produite lors de l'exécution du web service getuser : User inexistant !
[ERROR] 2017-12-14 15:25:07.044 [http-nio-8080-exec-2] UserRestService - com.mamasnack.service.UserRestServiceune erreur est produite lors de l'exécution du web service getuser : User inexistant !
[ERROR] 2017-12-14 15:25:07.126 [http-nio-8080-exec-7] UserRestService - com.mamasnack.service.UserRestServiceune erreur est produite lors de l'exécution du web service getuser : User inexistant !
[ERROR] 2017-12-14 15:25:34.985 [http-nio-8080-exec-8] UserRestService - com.mamasnack.service.UserRestServiceune erreur est produite lors de l'exécution du web service getuser : User inexistant !
[ERROR] 2017-12-14 15:26:10.252 [http-nio-8080-exec-10] UserRestService - com.mamasnack.service.UserRestServiceune erreur est produite lors de l'exécution du web service getuser : User inexistant !
[ERROR] 2017-12-14 15:26:10.333 [http-nio-8080-exec-1] UserRestService - com.mamasnack.service.UserRestServiceune erreur est produite lors de l'exécution du web service getuser : User inexistant !
[ERROR] 2017-12-14 15:26:16.892 [http-nio-8080-exec-4] UserRestService - com.mamasnack.service.UserRestServiceune erreur est produite lors de l'exécution du web service getuser : User inexistant !
[ERROR] 2017-12-14 15:27:30.094 [http-nio-8080-exec-1] UserRestService - com.mamasnack.service.UserRestServiceune erreur est produite lors de l'exécution du web service getuser : User inexistant !
[ERROR] 2017-12-14 15:27:30.207 [http-nio-8080-exec-9] UserRestService - com.mamasnack.service.UserRestServiceune erreur est produite lors de l'exécution du web service getuser : User inexistant !
[ERROR] 2017-12-14 15:27:34.419 [http-nio-8080-exec-1] UserRestService - com.mamasnack.service.UserRestServiceune erreur est produite lors de l'exécution du web service getuser : User inexistant !
[ERROR] 2017-12-14 15:47:28.785 [http-nio-8080-exec-2] UserRestService - com.mamasnack.service.UserRestServiceune erreur est produite lors de l'exécution du web service getuser : User inexistant !
[ERROR] 2017-12-14 15:47:30.815 [http-nio-8080-exec-2] UserRestService - com.mamasnack.service.UserRestServiceune erreur est produite lors de l'exécution du web service getuser : User inexistant !
[ERROR] 2017-12-14 15:47:30.883 [http-nio-8080-exec-9] UserRestService - com.mamasnack.service.UserRestServiceune erreur est produite lors de l'exécution du web service getuser : User inexistant !
[ERROR] 2017-12-14 16:54:29.463 [http-nio-8080-exec-2] UserRestService - com.mamasnack.service.UserRestServiceune erreur est produite lors de l'exécution du web service getuser : User inexistant !
[ERROR] 2017-12-14 16:54:29.506 [http-nio-8080-exec-1] UserRestService - com.mamasnack.service.UserRestServiceune erreur est produite lors de l'exécution du web service getuser : User inexistant !
[ERROR] 2017-12-14 16:54:33.855 [http-nio-8080-exec-8] UserRestService - com.mamasnack.service.UserRestServiceune erreur est produite lors de l'exécution du web service getuser : User inexistant !
[ERROR] 2017-12-14 16:54:33.957 [http-nio-8080-exec-2] UserRestService - com.mamasnack.service.UserRestServiceune erreur est produite lors de l'exécution du web service getuser : User inexistant !
[ERROR] 2017-12-14 16:54:37.380 [http-nio-8080-exec-6] UserRestService - com.mamasnack.service.UserRestServiceune erreur est produite lors de l'exécution du web service getuser : User inexistant !
[ERROR] 2017-12-14 16:55:55.225 [http-nio-8080-exec-7] UserRestService - com.mamasnack.service.UserRestServiceune erreur est produite lors de l'exécution du web service getuser : User inexistant !
[ERROR] 2017-12-14 16:55:55.316 [http-nio-8080-exec-10] UserRestService - com.mamasnack.service.UserRestServiceune erreur est produite lors de l'exécution du web service getuser : User inexistant !
[ERROR] 2017-12-14 16:56:52.345 [http-nio-8080-exec-4] UserRestService - com.mamasnack.service.UserRestServiceune erreur est produite lors de l'exécution du web service getuser : User inexistant !
[ERROR] 2017-12-14 16:56:52.436 [http-nio-8080-exec-7] UserRestService - com.mamasnack.service.UserRestServiceune erreur est produite lors de l'exécution du web service getuser : User inexistant !
[ERROR] 2017-12-14 16:57:19.128 [http-nio-8080-exec-9] UserRestService - com.mamasnack.service.UserRestServiceune erreur est produite lors de l'exécution du web service getuser : User inexistant !
[ERROR] 2017-12-14 16:57:19.211 [http-nio-8080-exec-6] UserRestService - com.mamasnack.service.UserRestServiceune erreur est produite lors de l'exécution du web service getuser : User inexistant !
[ERROR] 2017-12-14 17:52:39.053 [http-nio-8080-exec-8] UserRestService - com.mamasnack.service.UserRestServiceune erreur est produite lors de l'exécution du web service getuser : User inexistant !
[ERROR] 2017-12-14 17:52:39.106 [http-nio-8080-exec-3] UserRestService - com.mamasnack.service.UserRestServiceune erreur est produite lors de l'exécution du web service getuser : User inexistant !
[ERROR] 2017-12-14 17:52:42.800 [http-nio-8080-exec-7] UserRestService - com.mamasnack.service.UserRestServiceune erreur est produite lors de l'exécution du web service getuser : User inexistant !
[ERROR] 2017-12-14 17:52:42.960 [http-nio-8080-exec-8] UserRestService - com.mamasnack.service.UserRestServiceune erreur est produite lors de l'exécution du web service getuser : User inexistant !
[ERROR] 2017-12-14 17:52:45.972 [http-nio-8080-exec-1] UserRestService - com.mamasnack.service.UserRestServiceune erreur est produite lors de l'exécution du web service getuser : User inexistant !
[ERROR] 2017-12-14 17:57:36.170 [http-nio-8080-exec-6] UserRestService - com.mamasnack.service.UserRestServiceune erreur est produite lors de l'exécution du web service getuser : User inexistant !
[ERROR] 2017-12-14 17:57:36.248 [http-nio-8080-exec-9] UserRestService - com.mamasnack.service.UserRestServiceune erreur est produite lors de l'exécution du web service getuser : User inexistant !
[ERROR] 2017-12-14 18:00:13.894 [http-nio-8080-exec-8] UserRestService - com.mamasnack.service.UserRestServiceune erreur est produite lors de l'exécution du web service getuser : User inexistant !
[ERROR] 2017-12-14 18:00:13.967 [http-nio-8080-exec-3] UserRestService - com.mamasnack.service.UserRestServiceune erreur est produite lors de l'exécution du web service getuser : User inexistant !
[ERROR] 2017-12-14 18:01:21.861 [http-nio-8080-exec-6] UserRestService - com.mamasnack.service.UserRestServiceune erreur est produite lors de l'exécution du web service getuser : User inexistant !
[ERROR] 2017-12-14 18:01:21.932 [http-nio-8080-exec-10] UserRestService - com.mamasnack.service.UserRestServiceune erreur est produite lors de l'exécution du web service getuser : User inexistant !
[ERROR] 2017-12-14 18:39:16.832 [http-nio-8080-exec-6] UserRestService - com.mamasnack.service.UserRestServiceune erreur est produite lors de l'exécution du web service getuser : User inexistant !
[ERROR] 2017-12-14 18:39:16.903 [http-nio-8080-exec-9] UserRestService - com.mamasnack.service.UserRestServiceune erreur est produite lors de l'exécution du web service getuser : User inexistant !
[ERROR] 2017-12-14 18:39:19.619 [http-nio-8080-exec-4] UserRestService - com.mamasnack.service.UserRestServiceune erreur est produite lors de l'exécution du web service getuser : User inexistant !
[ERROR] 2017-12-14 18:40:04.560 [http-nio-8080-exec-8] UserRestService - com.mamasnack.service.UserRestServiceune erreur est produite lors de l'exécution du web service getuser : User inexistant !
[ERROR] 2017-12-14 18:40:04.642 [http-nio-8080-exec-9] UserRestService - com.mamasnack.service.UserRestServiceune erreur est produite lors de l'exécution du web service getuser : User inexistant !
[ERROR] 2017-12-14 18:40:33.108 [http-nio-8080-exec-1] UserRestService - com.mamasnack.service.UserRestServiceune erreur est produite lors de l'exécution du web service getuser : User inexistant !
[ERROR] 2017-12-14 18:40:33.194 [http-nio-8080-exec-8] UserRestService - com.mamasnack.service.UserRestServiceune erreur est produite lors de l'exécution du web service getuser : User inexistant !
[ERROR] 2017-12-14 18:40:42.791 [http-nio-8080-exec-4] UserRestService - com.mamasnack.service.UserRestServiceune erreur est produite lors de l'exécution du web service getuser : User inexistant !
[ERROR] 2017-12-14 18:40:42.891 [http-nio-8080-exec-6] UserRestService - com.mamasnack.service.UserRestServiceune erreur est produite lors de l'exécution du web service getuser : User inexistant !
[ERROR] 2017-12-14 18:40:58.645 [http-nio-8080-exec-3] UserRestService - com.mamasnack.service.UserRestServiceune erreur est produite lors de l'exécution du web service getuser : User inexistant !
[ERROR] 2017-12-14 18:40:58.719 [http-nio-8080-exec-7] UserRestService - com.mamasnack.service.UserRestServiceune erreur est produite lors de l'exécution du web service getuser : User inexistant !
[ERROR] 2017-12-14 18:41:46.619 [http-nio-8080-exec-8] UserRestService - com.mamasnack.service.UserRestServiceune erreur est produite lors de l'exécution du web service getuser : User inexistant !
[ERROR] 2017-12-14 18:41:46.728 [http-nio-8080-exec-7] UserRestService - com.mamasnack.service.UserRestServiceune erreur est produite lors de l'exécution du web service getuser : User inexistant !
[ERROR] 2017-12-14 18:45:20.868 [http-nio-8080-exec-5] UserRestService - com.mamasnack.service.UserRestServiceune erreur est produite lors de l'exécution du web service getuser : User inexistant !
[ERROR] 2017-12-14 18:45:20.963 [http-nio-8080-exec-8] UserRestService - com.mamasnack.service.UserRestServiceune erreur est produite lors de l'exécution du web service getuser : User inexistant !
[ERROR] 2017-12-14 18:45:26.758 [http-nio-8080-exec-9] UserRestService - com.mamasnack.service.UserRestServiceune erreur est produite lors de l'exécution du web service getuser : User inexistant !
[ERROR] 2017-12-14 18:45:26.790 [http-nio-8080-exec-5] UserRestService - com.mamasnack.service.UserRestServiceune erreur est produite lors de l'exécution du web service getuser : User inexistant !
[ERROR] 2017-12-14 18:45:28.286 [http-nio-8080-exec-3] UserRestService - com.mamasnack.service.UserRestServiceune erreur est produite lors de l'exécution du web service getuser : User inexistant !
[ERROR] 2017-12-14 18:45:28.312 [http-nio-8080-exec-10] UserRestService - com.mamasnack.service.UserRestServiceune erreur est produite lors de l'exécution du web service getuser : User inexistant !
[ERROR] 2017-12-14 18:45:29.131 [http-nio-8080-exec-2] UserRestService - com.mamasnack.service.UserRestServiceune erreur est produite lors de l'exécution du web service getuser : User inexistant !
[ERROR] 2017-12-14 18:45:29.200 [http-nio-8080-exec-4] UserRestService - com.mamasnack.service.UserRestServiceune erreur est produite lors de l'exécution du web service getuser : User inexistant !
[ERROR] 2017-12-14 18:47:06.169 [http-nio-8080-exec-1] UserRestService - com.mamasnack.service.UserRestServiceune erreur est produite lors de l'exécution du web service getuser : User inexistant !
[ERROR] 2017-12-14 18:47:06.256 [http-nio-8080-exec-9] UserRestService - com.mamasnack.service.UserRestServiceune erreur est produite lors de l'exécution du web service getuser : User inexistant !
[ERROR] 2017-12-14 18:48:01.392 [http-nio-8080-exec-5] UserRestService - com.mamasnack.service.UserRestServiceune erreur est produite lors de l'exécution du web service getuser : User inexistant !
[ERROR] 2017-12-14 18:48:01.465 [http-nio-8080-exec-1] UserRestService - com.mamasnack.service.UserRestServiceune erreur est produite lors de l'exécution du web service getuser : User inexistant !
[ERROR] 2017-12-14 18:49:32.258 [http-nio-8080-exec-10] UserRestService - com.mamasnack.service.UserRestServiceune erreur est produite lors de l'exécution du web service getuser : User inexistant !
[ERROR] 2017-12-14 18:49:32.329 [http-nio-8080-exec-8] UserRestService - com.mamasnack.service.UserRestServiceune erreur est produite lors de l'exécution du web service getuser : User inexistant !
[ERROR] 2017-12-14 18:50:39.898 [http-nio-8080-exec-6] UserRestService - com.mamasnack.service.UserRestServiceune erreur est produite lors de l'exécution du web service getuser : User inexistant !
[ERROR] 2017-12-14 18:50:39.970 [http-nio-8080-exec-9] UserRestService - com.mamasnack.service.UserRestServiceune erreur est produite lors de l'exécution du web service getuser : User inexistant !
[ERROR] 2017-12-14 18:53:19.085 [http-nio-8080-exec-2] UserRestService - com.mamasnack.service.UserRestServiceune erreur est produite lors de l'exécution du web service getuser : User inexistant !
[ERROR] 2017-12-14 18:53:19.151 [http-nio-8080-exec-5] UserRestService - com.mamasnack.service.UserRestServiceune erreur est produite lors de l'exécution du web service getuser : User inexistant !
[ERROR] 2017-12-14 18:55:05.390 [http-nio-8080-exec-9] UserRestService - com.mamasnack.service.UserRestServiceune erreur est produite lors de l'exécution du web service getuser : User inexistant !
[ERROR] 2017-12-14 18:55:05.486 [http-nio-8080-exec-7] UserRestService - com.mamasnack.service.UserRestServiceune erreur est produite lors de l'exécution du web service getuser : User inexistant !
[ERROR] 2017-12-14 18:56:37.450 [http-nio-8080-exec-8] UserRestService - com.mamasnack.service.UserRestServiceune erreur est produite lors de l'exécution du web service getuser : User inexistant !
[ERROR] 2017-12-14 18:56:37.527 [http-nio-8080-exec-2] UserRestService - com.mamasnack.service.UserRestServiceune erreur est produite lors de l'exécution du web service getuser : User inexistant !
[ERROR] 2017-12-14 18:56:50.153 [http-nio-8080-exec-3] UserRestService - com.mamasnack.service.UserRestServiceune erreur est produite lors de l'exécution du web service getuser : User inexistant !
[ERROR] 2017-12-14 18:56:50.201 [http-nio-8080-exec-8] UserRestService - com.mamasnack.service.UserRestServiceune erreur est produite lors de l'exécution du web service getuser : User inexistant !
[ERROR] 2017-12-14 18:57:00.181 [http-nio-8080-exec-7] UserRestService - com.mamasnack.service.UserRestServiceune erreur est produite lors de l'exécution du web service getuser : User inexistant !
[ERROR] 2017-12-14 18:57:00.253 [http-nio-8080-exec-3] UserRestService - com.mamasnack.service.UserRestServiceune erreur est produite lors de l'exécution du web service getuser : User inexistant !
[ERROR] 2017-12-14 18:57:33.390 [http-nio-8080-exec-1] UserRestService - com.mamasnack.service.UserRestServiceune erreur est produite lors de l'exécution du web service getuser : User inexistant !
[ERROR] 2017-12-14 18:57:33.463 [http-nio-8080-exec-3] UserRestService - com.mamasnack.service.UserRestServiceune erreur est produite lors de l'exécution du web service getuser : User inexistant !
[ERROR] 2017-12-14 18:59:14.027 [http-nio-8080-exec-4] UserRestService - com.mamasnack.service.UserRestServiceune erreur est produite lors de l'exécution du web service getuser : User inexistant !
[ERROR] 2017-12-14 18:59:14.098 [http-nio-8080-exec-10] UserRestService - com.mamasnack.service.UserRestServiceune erreur est produite lors de l'exécution du web service getuser : User inexistant !
[ERROR] 2017-12-14 18:59:43.137 [http-nio-8080-exec-1] UserRestService - com.mamasnack.service.UserRestServiceune erreur est produite lors de l'exécution du web service getuser : User inexistant !
[ERROR] 2017-12-14 18:59:43.202 [http-nio-8080-exec-4] UserRestService - com.mamasnack.service.UserRestServiceune erreur est produite lors de l'exécution du web service getuser : User inexistant !
[ERROR] 2017-12-14 19:02:41.734 [http-nio-8080-exec-5] UserRestService - com.mamasnack.service.UserRestServiceune erreur est produite lors de l'exécution du web service getuser : User inexistant !
[ERROR] 2017-12-14 19:02:41.802 [http-nio-8080-exec-9] UserRestService - com.mamasnack.service.UserRestServiceune erreur est produite lors de l'exécution du web service getuser : User inexistant !
[ERROR] 2017-12-14 19:02:52.067 [http-nio-8080-exec-4] UserRestService - com.mamasnack.service.UserRestServiceune erreur est produite lors de l'exécution du web service getuser : User inexistant !
[ERROR] 2017-12-14 19:02:52.228 [http-nio-8080-exec-2] UserRestService - com.mamasnack.service.UserRestServiceune erreur est produite lors de l'exécution du web service getuser : User inexistant !
[ERROR] 2017-12-14 19:03:08.524 [http-nio-8080-exec-9] UserRestService - com.mamasnack.service.UserRestServiceune erreur est produite lors de l'exécution du web service getuser : User inexistant !
[ERROR] 2017-12-14 19:03:08.600 [http-nio-8080-exec-8] UserRestService - com.mamasnack.service.UserRestServiceune erreur est produite lors de l'exécution du web service getuser : User inexistant !
[ERROR] 2017-12-14 19:03:22.473 [http-nio-8080-exec-5] UserRestService - com.mamasnack.service.UserRestServiceune erreur est produite lors de l'exécution du web service getuser : User inexistant !
[ERROR] 2017-12-14 19:03:22.541 [http-nio-8080-exec-9] UserRestService - com.mamasnack.service.UserRestServiceune erreur est produite lors de l'exécution du web service getuser : User inexistant !
[ERROR] 2017-12-14 19:04:10.802 [http-nio-8080-exec-8] UserRestService - com.mamasnack.service.UserRestServiceune erreur est produite lors de l'exécution du web service getuser : User inexistant !
[ERROR] 2017-12-14 19:04:10.866 [http-nio-8080-exec-5] UserRestService - com.mamasnack.service.UserRestServiceune erreur est produite lors de l'exécution du web service getuser : User inexistant !
[ERROR] 2017-12-14 19:05:48.858 [http-nio-8080-exec-9] UserRestService - com.mamasnack.service.UserRestServiceune erreur est produite lors de l'exécution du web service getuser : User inexistant !
[ERROR] 2017-12-14 19:05:48.929 [http-nio-8080-exec-8] UserRestService - com.mamasnack.service.UserRestServiceune erreur est produite lors de l'exécution du web service getuser : User inexistant !
[ERROR] 2017-12-14 19:08:57.539 [http-nio-8080-exec-8] UserRestService - com.mamasnack.service.UserRestServiceune erreur est produite lors de l'exécution du web service getuser : User inexistant !
[ERROR] 2017-12-14 19:08:57.617 [http-nio-8080-exec-5] UserRestService - com.mamasnack.service.UserRestServiceune erreur est produite lors de l'exécution du web service getuser : User inexistant !
[ERROR] 2017-12-14 19:15:01.267 [http-nio-8080-exec-4] UserRestService - com.mamasnack.service.UserRestServiceune erreur est produite lors de l'exécution du web service getuser : User inexistant !
[ERROR] 2017-12-14 19:15:01.321 [http-nio-8080-exec-5] UserRestService - com.mamasnack.service.UserRestServiceune erreur est produite lors de l'exécution du web service getuser : User inexistant !
[ERROR] 2017-12-14 19:15:05.492 [http-nio-8080-exec-10] UserRestService - com.mamasnack.service.UserRestServiceune erreur est produite lors de l'exécution du web service getuser : User inexistant !
[ERROR] 2017-12-14 19:15:05.561 [http-nio-8080-exec-1] UserRestService - com.mamasnack.service.UserRestServiceune erreur est produite lors de l'exécution du web service getuser : User inexistant !
[ERROR] 2017-12-14 19:15:24.740 [http-nio-8080-exec-9] UserRestService - com.mamasnack.service.UserRestServiceune erreur est produite lors de l'exécution du web service getuser : User inexistant !
[ERROR] 2017-12-14 19:15:24.824 [http-nio-8080-exec-3] UserRestService - com.mamasnack.service.UserRestServiceune erreur est produite lors de l'exécution du web service getuser : User inexistant !
[ERROR] 2017-12-14 19:16:40.425 [http-nio-8080-exec-8] UserRestService - com.mamasnack.service.UserRestServiceune erreur est produite lors de l'exécution du web service getuser : User inexistant !
[ERROR] 2017-12-14 19:16:40.499 [http-nio-8080-exec-6] UserRestService - com.mamasnack.service.UserRestServiceune erreur est produite lors de l'exécution du web service getuser : User inexistant !
[ERROR] 2017-12-14 19:18:41.945 [http-nio-8080-exec-1] UserRestService - com.mamasnack.service.UserRestServiceune erreur est produite lors de l'exécution du web service getuser : User inexistant !
[ERROR] 2017-12-14 19:18:42.020 [http-nio-8080-exec-2] UserRestService - com.mamasnack.service.UserRestServiceune erreur est produite lors de l'exécution du web service getuser : User inexistant !
[ERROR] 2017-12-14 19:19:41.577 [http-nio-8080-exec-8] UserRestService - com.mamasnack.service.UserRestServiceune erreur est produite lors de l'exécution du web service getuser : User inexistant !
[ERROR] 2017-12-14 19:19:41.636 [http-nio-8080-exec-6] UserRestService - com.mamasnack.service.UserRestServiceune erreur est produite lors de l'exécution du web service getuser : User inexistant !
[ERROR] 2017-12-14 19:21:56.594 [http-nio-8080-exec-6] UserRestService - com.mamasnack.service.UserRestServiceune erreur est produite lors de l'exécution du web service getuser : User inexistant !
[ERROR] 2017-12-14 19:21:56.651 [http-nio-8080-exec-2] UserRestService - com.mamasnack.service.UserRestServiceune erreur est produite lors de l'exécution du web service getuser : User inexistant !
[ERROR] 2017-12-14 19:22:36.442 [http-nio-8080-exec-8] UserRestService - com.mamasnack.service.UserRestServiceune erreur est produite lors de l'exécution du web service getuser : User inexistant !
[ERROR] 2017-12-14 19:22:36.520 [http-nio-8080-exec-9] UserRestService - com.mamasnack.service.UserRestServiceune erreur est produite lors de l'exécution du web service getuser : User inexistant !
[ERROR] 2017-12-14 19:28:15.723 [http-nio-8080-exec-8] UserRestService - com.mamasnack.service.UserRestServiceune erreur est produite lors de l'exécution du web service getuser : User inexistant !
[ERROR] 2017-12-14 19:28:15.797 [http-nio-8080-exec-10] UserRestService - com.mamasnack.service.UserRestServiceune erreur est produite lors de l'exécution du web service getuser : User inexistant !
[ERROR] 2017-12-14 19:29:16.740 [http-nio-8080-exec-5] UserRestService - com.mamasnack.service.UserRestServiceune erreur est produite lors de l'exécution du web service getuser : User inexistant !
[ERROR] 2017-12-14 19:29:16.817 [http-nio-8080-exec-8] UserRestService - com.mamasnack.service.UserRestServiceune erreur est produite lors de l'exécution du web service getuser : User inexistant !
[ERROR] 2017-12-14 19:32:47.908 [http-nio-8080-exec-6] UserRestService - com.mamasnack.service.UserRestServiceune erreur est produite lors de l'exécution du web service getuser : User inexistant !
[ERROR] 2017-12-14 19:32:47.979 [http-nio-8080-exec-5] UserRestService - com.mamasnack.service.UserRestServiceune erreur est produite lors de l'exécution du web service getuser : User inexistant !
[ERROR] 2017-12-14 19:33:37.149 [http-nio-8080-exec-10] UserRestService - com.mamasnack.service.UserRestServiceune erreur est produite lors de l'exécution du web service getuser : User inexistant !
[ERROR] 2017-12-14 19:33:37.216 [http-nio-8080-exec-6] UserRestService - com.mamasnack.service.UserRestServiceune erreur est produite lors de l'exécution du web service getuser : User inexistant !
[ERROR] 2017-12-14 19:34:50.363 [http-nio-8080-exec-5] UserRestService - com.mamasnack.service.UserRestServiceune erreur est produite lors de l'exécution du web service getuser : User inexistant !
[ERROR] 2017-12-14 19:35:02.738 [http-nio-8080-exec-7] UserRestService - com.mamasnack.service.UserRestServiceune erreur est produite lors de l'exécution du web service getuser : User inexistant !
[ERROR] 2017-12-14 19:35:02.825 [http-nio-8080-exec-10] UserRestService - com.mamasnack.service.UserRestServiceune erreur est produite lors de l'exécution du web service getuser : User inexistant !
[ERROR] 2017-12-14 19:35:15.393 [http-nio-8080-exec-6] UserRestService - com.mamasnack.service.UserRestServiceune erreur est produite lors de l'exécution du web service getuser : User inexistant !
[ERROR] 2017-12-14 19:35:15.458 [http-nio-8080-exec-7] UserRestService - com.mamasnack.service.UserRestServiceune erreur est produite lors de l'exécution du web service getuser : User inexistant !
[ERROR] 2017-12-14 19:35:46.043 [http-nio-8080-exec-2] UserRestService - com.mamasnack.service.UserRestServiceune erreur est produite lors de l'exécution du web service getuser : User inexistant !
[ERROR] 2017-12-14 19:35:46.113 [http-nio-8080-exec-8] UserRestService - com.mamasnack.service.UserRestServiceune erreur est produite lors de l'exécution du web service getuser : User inexistant !
[ERROR] 2017-12-14 19:43:39.261 [http-nio-8080-exec-6] UserRestService - com.mamasnack.service.UserRestServiceune erreur est produite lors de l'exécution du web service getuser : User inexistant !
[ERROR] 2017-12-14 19:43:39.329 [http-nio-8080-exec-9] UserRestService - com.mamasnack.service.UserRestServiceune erreur est produite lors de l'exécution du web service getuser : User inexistant !
[ERROR] 2017-12-14 19:44:36.259 [http-nio-8080-exec-10] UserRestService - com.mamasnack.service.UserRestServiceune erreur est produite lors de l'exécution du web service getuser : User inexistant !
[ERROR] 2017-12-14 19:44:36.342 [http-nio-8080-exec-9] UserRestService - com.mamasnack.service.UserRestServiceune erreur est produite lors de l'exécution du web service getuser : User inexistant !
[ERROR] 2017-12-14 19:44:59.730 [http-nio-8080-exec-10] UserRestService - com.mamasnack.service.UserRestServiceune erreur est produite lors de l'exécution du web service getuser : User inexistant !
[ERROR] 2017-12-14 19:44:59.819 [http-nio-8080-exec-2] UserRestService - com.mamasnack.service.UserRestServiceune erreur est produite lors de l'exécution du web service getuser : User inexistant !
[ERROR] 2017-12-14 19:45:03.236 [http-nio-8080-exec-5] UserRestService - com.mamasnack.service.UserRestServiceune erreur est produite lors de l'exécution du web service getuser : User inexistant !
[ERROR] 2017-12-14 19:45:41.373 [http-nio-8080-exec-5] UserRestService - com.mamasnack.service.UserRestServiceune erreur est produite lors de l'exécution du web service getuser : User inexistant !
[ERROR] 2017-12-14 19:45:41.454 [http-nio-8080-exec-8] UserRestService - com.mamasnack.service.UserRestServiceune erreur est produite lors de l'exécution du web service getuser : User inexistant !
[ERROR] 2017-12-14 19:45:44.375 [http-nio-8080-exec-1] UserRestService - com.mamasnack.service.UserRestServiceune erreur est produite lors de l'exécution du web service getuser : User inexistant !
[ERROR] 2017-12-14 19:46:43.049 [http-nio-8080-exec-1] UserRestService - com.mamasnack.service.UserRestServiceune erreur est produite lors de l'exécution du web service getuser : User inexistant !
[ERROR] 2017-12-14 19:46:43.093 [http-nio-8080-exec-2] UserRestService - com.mamasnack.service.UserRestServiceune erreur est produite lors de l'exécution du web service getuser : User inexistant !
[ERROR] 2017-12-14 19:46:50.344 [http-nio-8080-exec-3] UserRestService - com.mamasnack.service.UserRestServiceune erreur est produite lors de l'exécution du web service getuser : User inexistant !
[ERROR] 2017-12-14 19:46:50.391 [http-nio-8080-exec-4] UserRestService - com.mamasnack.service.UserRestServiceune erreur est produite lors de l'exécution du web service getuser : User inexistant !
[ERROR] 2017-12-14 19:46:53.471 [http-nio-8080-exec-7] UserRestService - com.mamasnack.service.UserRestServiceune erreur est produite lors de l'exécution du web service getuser : User inexistant !
[ERROR] 2017-12-14 19:49:22.140 [http-nio-8080-exec-3] UserRestService - com.mamasnack.service.UserRestServiceune erreur est produite lors de l'exécution du web service getuser : User inexistant !
[ERROR] 2017-12-14 19:49:22.176 [http-nio-8080-exec-4] UserRestService - com.mamasnack.service.UserRestServiceune erreur est produite lors de l'exécution du web service getuser : User inexistant !
[ERROR] 2017-12-14 19:49:24.957 [http-nio-8080-exec-9] UserRestService - com.mamasnack.service.UserRestServiceune erreur est produite lors de l'exécution du web service getuser : User inexistant !
[ERROR] 2017-12-14 19:49:24.984 [http-nio-8080-exec-8] UserRestService - com.mamasnack.service.UserRestServiceune erreur est produite lors de l'exécution du web service getuser : User inexistant !
[ERROR] 2017-12-14 19:49:27.278 [http-nio-8080-exec-7] UserRestService - com.mamasnack.service.UserRestServiceune erreur est produite lors de l'exécution du web service getuser : User inexistant !
[ERROR] 2017-12-14 19:49:27.332 [http-nio-8080-exec-1] UserRestService - com.mamasnack.service.UserRestServiceune erreur est produite lors de l'exécution du web service getuser : User inexistant !
[ERROR] 2017-12-14 19:49:34.012 [http-nio-8080-exec-4] UserRestService - com.mamasnack.service.UserRestServiceune erreur est produite lors de l'exécution du web service getuser : User inexistant !
[ERROR] 2017-12-14 19:49:34.048 [http-nio-8080-exec-10] UserRestService - com.mamasnack.service.UserRestServiceune erreur est produite lors de l'exécution du web service getuser : User inexistant !
[ERROR] 2017-12-14 19:49:37.001 [http-nio-8080-exec-2] UserRestService - com.mamasnack.service.UserRestServiceune erreur est produite lors de l'exécution du web service getuser : User inexistant !
[ERROR] 2017-12-14 19:51:15.711 [http-nio-8080-exec-1] UserRestService - com.mamasnack.service.UserRestServiceune erreur est produite lors de l'exécution du web service getuser : User inexistant !
[ERROR] 2017-12-14 19:51:15.743 [http-nio-8080-exec-3] UserRestService - com.mamasnack.service.UserRestServiceune erreur est produite lors de l'exécution du web service getuser : User inexistant !
[ERROR] 2017-12-14 19:51:19.142 [http-nio-8080-exec-4] UserRestService - com.mamasnack.service.UserRestServiceune erreur est produite lors de l'exécution du web service getuser : User inexistant !
[ERROR] 2017-12-14 19:51:19.167 [http-nio-8080-exec-8] UserRestService - com.mamasnack.service.UserRestServiceune erreur est produite lors de l'exécution du web service getuser : User inexistant !
[ERROR] 2017-12-14 19:51:21.750 [http-nio-8080-exec-6] UserRestService - com.mamasnack.service.UserRestServiceune erreur est produite lors de l'exécution du web service getuser : User inexistant !
[ERROR] 2017-12-14 19:51:21.796 [http-nio-8080-exec-3] UserRestService - com.mamasnack.service.UserRestServiceune erreur est produite lors de l'exécution du web service getuser : User inexistant !
[ERROR] 2017-12-14 19:51:24.754 [http-nio-8080-exec-7] UserRestService - com.mamasnack.service.UserRestServiceune erreur est produite lors de l'exécution du web service getuser : User inexistant !
[ERROR] 2017-12-14 20:38:40.268 [http-nio-8080-exec-6] UserRestService - com.mamasnack.service.UserRestServiceune erreur est produite lors de l'exécution du web service getuser : User inexistant !
[ERROR] 2017-12-14 20:38:40.330 [http-nio-8080-exec-1] UserRestService - com.mamasnack.service.UserRestServiceune erreur est produite lors de l'exécution du web service getuser : User inexistant !
[ERROR] 2017-12-14 20:38:43.084 [http-nio-8080-exec-5] UserRestService - com.mamasnack.service.UserRestServiceune erreur est produite lors de l'exécution du web service getuser : User inexistant !
[ERROR] 2017-12-14 21:02:22.681 [http-nio-8080-exec-10] UserRestService - com.mamasnack.service.UserRestServiceune erreur est produite lors de l'exécution du web service getuser : User inexistant !
[ERROR] 2017-12-14 21:02:26.080 [http-nio-8080-exec-8] UserRestService - com.mamasnack.service.UserRestServiceune erreur est produite lors de l'exécution du web service getuser : User inexistant !
[ERROR] 2017-12-14 21:02:26.133 [http-nio-8080-exec-5] UserRestService - com.mamasnack.service.UserRestServiceune erreur est produite lors de l'exécution du web service getuser : User inexistant !
[ERROR] 2017-12-14 21:02:27.752 [http-nio-8080-exec-3] UserRestService - com.mamasnack.service.UserRestServiceune erreur est produite lors de l'exécution du web service getuser : User inexistant !
[ERROR] 2017-12-14 21:02:27.769 [http-nio-8080-exec-10] UserRestService - com.mamasnack.service.UserRestServiceune erreur est produite lors de l'exécution du web service getuser : User inexistant !
[ERROR] 2017-12-14 21:02:30.490 [http-nio-8080-exec-3] UserRestService - com.mamasnack.service.UserRestServiceune erreur est produite lors de l'exécution du web service getuser : User inexistant !
[ERROR] 2017-12-14 21:02:30.539 [http-nio-8080-exec-4] UserRestService - com.mamasnack.service.UserRestServiceune erreur est produite lors de l'exécution du web service getuser : User inexistant !
[ERROR] 2017-12-14 21:02:36.273 [http-nio-8080-exec-8] UserRestService - com.mamasnack.service.UserRestServiceune erreur est produite lors de l'exécution du web service getuser : User inexistant !
[ERROR] 2017-12-14 21:03:02.156 [http-nio-8080-exec-10] UserRestService - com.mamasnack.service.UserRestServiceune erreur est produite lors de l'exécution du web service getuser : User inexistant !
[ERROR] 2017-12-14 21:03:02.248 [http-nio-8080-exec-2] UserRestService - com.mamasnack.service.UserRestServiceune erreur est produite lors de l'exécution du web service getuser : User inexistant !
[ERROR] 2017-12-14 21:03:06.105 [http-nio-8080-exec-7] UserRestService - com.mamasnack.service.UserRestServiceune erreur est produite lors de l'exécution du web service getuser : User inexistant !
[ERROR] 2017-12-14 21:05:50.292 [http-nio-8080-exec-6] UserRestService - com.mamasnack.service.UserRestServiceune erreur est produite lors de l'exécution du web service getuser : User inexistant !
[ERROR] 2017-12-14 21:05:50.370 [http-nio-8080-exec-1] UserRestService - com.mamasnack.service.UserRestServiceune erreur est produite lors de l'exécution du web service getuser : User inexistant !
[ERROR] 2017-12-14 21:06:27.821 [http-nio-8080-exec-9] UserRestService - com.mamasnack.service.UserRestServiceune erreur est produite lors de l'exécution du web service getuser : User inexistant !
[ERROR] 2017-12-14 21:06:27.906 [http-nio-8080-exec-10] UserRestService - com.mamasnack.service.UserRestServiceune erreur est produite lors de l'exécution du web service getuser : User inexistant !
[ERROR] 2017-12-14 21:16:13.736 [http-nio-8080-exec-5] UserRestService - com.mamasnack.service.UserRestServiceune erreur est produite lors de l'exécution du web service getuser : User inexistant !
[ERROR] 2017-12-14 21:16:13.787 [http-nio-8080-exec-3] UserRestService - com.mamasnack.service.UserRestServiceune erreur est produite lors de l'exécution du web service getuser : User inexistant !
[ERROR] 2017-12-14 21:16:16.148 [http-nio-8080-exec-8] UserRestService - com.mamasnack.service.UserRestServiceune erreur est produite lors de l'exécution du web service getuser : User inexistant !
[ERROR] 2017-12-14 21:16:16.189 [http-nio-8080-exec-6] UserRestService - com.mamasnack.service.UserRestServiceune erreur est produite lors de l'exécution du web service getuser : User inexistant !
[ERROR] 2017-12-14 21:16:17.064 [http-nio-8080-exec-4] UserRestService - com.mamasnack.service.UserRestServiceune erreur est produite lors de l'exécution du web service getuser : User inexistant !
[ERROR] 2017-12-14 21:16:17.098 [http-nio-8080-exec-7] UserRestService - com.mamasnack.service.UserRestServiceune erreur est produite lors de l'exécution du web service getuser : User inexistant !
[ERROR] 2017-12-14 21:16:18.981 [http-nio-8080-exec-2] UserRestService - com.mamasnack.service.UserRestServiceune erreur est produite lors de l'exécution du web service getuser : User inexistant !
[ERROR] 2017-12-14 21:18:38.817 [http-nio-8080-exec-1] UserRestService - com.mamasnack.service.UserRestServiceune erreur est produite lors de l'exécution du web service getuser : User inexistant !
[ERROR] 2017-12-14 21:18:38.912 [http-nio-8080-exec-4] UserRestService - com.mamasnack.service.UserRestServiceune erreur est produite lors de l'exécution du web service getuser : User inexistant !
[ERROR] 2017-12-14 21:20:49.263 [http-nio-8080-exec-5] UserRestService - com.mamasnack.service.UserRestServiceune erreur est produite lors de l'exécution du web service getuser : User inexistant !
[ERROR] 2017-12-14 21:20:49.343 [http-nio-8080-exec-8] UserRestService - com.mamasnack.service.UserRestServiceune erreur est produite lors de l'exécution du web service getuser : User inexistant !
[ERROR] 2017-12-14 21:22:35.433 [http-nio-8080-exec-1] UserRestService - com.mamasnack.service.UserRestServiceune erreur est produite lors de l'exécution du web service getuser : User inexistant !
[ERROR] 2017-12-14 21:22:35.499 [http-nio-8080-exec-6] UserRestService - com.mamasnack.service.UserRestServiceune erreur est produite lors de l'exécution du web service getuser : User inexistant !
[ERROR] 2017-12-14 21:22:39.864 [http-nio-8080-exec-7] UserRestService - com.mamasnack.service.UserRestServiceune erreur est produite lors de l'exécution du web service getuser : User inexistant !
[ERROR] 2017-12-14 21:22:39.906 [http-nio-8080-exec-3] UserRestService - com.mamasnack.service.UserRestServiceune erreur est produite lors de l'exécution du web service getuser : User inexistant !
[ERROR] 2017-12-14 21:22:49.637 [http-nio-8080-exec-3] UserRestService - com.mamasnack.service.UserRestServiceune erreur est produite lors de l'exécution du web service getuser : User inexistant !
[ERROR] 2017-12-14 21:22:49.746 [http-nio-8080-exec-2] UserRestService - com.mamasnack.service.UserRestServiceune erreur est produite lors de l'exécution du web service getuser : User inexistant !
[ERROR] 2017-12-14 21:22:53.145 [http-nio-8080-exec-9] UserRestService - com.mamasnack.service.UserRestServiceune erreur est produite lors de l'exécution du web service getuser : User inexistant !
[ERROR] 2017-12-14 21:23:08.602 [http-nio-8080-exec-9] UserRestService - com.mamasnack.service.UserRestServiceune erreur est produite lors de l'exécution du web service getuser : User inexistant !
[ERROR] 2017-12-14 21:23:08.707 [http-nio-8080-exec-7] UserRestService - com.mamasnack.service.UserRestServiceune erreur est produite lors de l'exécution du web service getuser : User inexistant !
[ERROR] 2017-12-14 21:23:17.971 [http-nio-8080-exec-10] UserRestService - com.mamasnack.service.UserRestServiceune erreur est produite lors de l'exécution du web service getuser : User inexistant !
[ERROR] 2017-12-14 21:23:18.008 [http-nio-8080-exec-1] UserRestService - com.mamasnack.service.UserRestServiceune erreur est produite lors de l'exécution du web service getuser : User inexistant !
[ERROR] 2017-12-14 21:23:20.363 [http-nio-8080-exec-9] UserRestService - com.mamasnack.service.UserRestServiceune erreur est produite lors de l'exécution du web service getuser : User inexistant !
[ERROR] 2017-12-14 21:23:20.393 [http-nio-8080-exec-6] UserRestService - com.mamasnack.service.UserRestServiceune erreur est produite lors de l'exécution du web service getuser : User inexistant !
[ERROR] 2017-12-14 21:23:21.279 [http-nio-8080-exec-4] UserRestService - com.mamasnack.service.UserRestServiceune erreur est produite lors de l'exécution du web service getuser : User inexistant !
[ERROR] 2017-12-14 21:23:21.310 [http-nio-8080-exec-1] UserRestService - com.mamasnack.service.UserRestServiceune erreur est produite lors de l'exécution du web service getuser : User inexistant !
[ERROR] 2017-12-14 21:23:23.266 [http-nio-8080-exec-7] UserRestService - com.mamasnack.service.UserRestServiceune erreur est produite lors de l'exécution du web service getuser : User inexistant !
[ERROR] 2017-12-14 21:24:02.555 [http-nio-8080-exec-6] UserRestService - com.mamasnack.service.UserRestServiceune erreur est produite lors de l'exécution du web service getuser : User inexistant !
[ERROR] 2017-12-14 21:24:02.668 [http-nio-8080-exec-8] UserRestService - com.mamasnack.service.UserRestServiceune erreur est produite lors de l'exécution du web service getuser : User inexistant !
[ERROR] 2017-12-14 21:24:27.439 [http-nio-8080-exec-3] UserRestService - com.mamasnack.service.UserRestServiceune erreur est produite lors de l'exécution du web service getuser : User inexistant !
[ERROR] 2017-12-14 21:24:27.509 [http-nio-8080-exec-5] UserRestService - com.mamasnack.service.UserRestServiceune erreur est produite lors de l'exécution du web service getuser : User inexistant !
[ERROR] 2017-12-14 21:25:00.241 [http-nio-8080-exec-8] UserRestService - com.mamasnack.service.UserRestServiceune erreur est produite lors de l'exécution du web service getuser : User inexistant !
[ERROR] 2017-12-14 21:25:00.274 [http-nio-8080-exec-7] UserRestService - com.mamasnack.service.UserRestServiceune erreur est produite lors de l'exécution du web service getuser : User inexistant !
[ERROR] 2017-12-14 21:25:01.584 [http-nio-8080-exec-1] UserRestService - com.mamasnack.service.UserRestServiceune erreur est produite lors de l'exécution du web service getuser : User inexistant !
[ERROR] 2017-12-14 21:25:01.617 [http-nio-8080-exec-3] UserRestService - com.mamasnack.service.UserRestServiceune erreur est produite lors de l'exécution du web service getuser : User inexistant !
[ERROR] 2017-12-14 21:25:03.743 [http-nio-8080-exec-2] UserRestService - com.mamasnack.service.UserRestServiceune erreur est produite lors de l'exécution du web service getuser : User inexistant !
[ERROR] 2017-12-14 21:25:03.822 [http-nio-8080-exec-6] UserRestService - com.mamasnack.service.UserRestServiceune erreur est produite lors de l'exécution du web service getuser : User inexistant !
[ERROR] 2017-12-14 21:25:06.836 [http-nio-8080-exec-5] UserRestService - com.mamasnack.service.UserRestServiceune erreur est produite lors de l'exécution du web service getuser : User inexistant !
[ERROR] 2017-12-14 21:25:20.750 [http-nio-8080-exec-6] UserRestService - com.mamasnack.service.UserRestServiceune erreur est produite lors de l'exécution du web service getuser : User inexistant !
[ERROR] 2017-12-14 21:25:20.859 [http-nio-8080-exec-9] UserRestService - com.mamasnack.service.UserRestServiceune erreur est produite lors de l'exécution du web service getuser : User inexistant !
[ERROR] 2017-12-14 21:26:04.589 [http-nio-8080-exec-7] UserRestService - com.mamasnack.service.UserRestServiceune erreur est produite lors de l'exécution du web service getuser : User inexistant !
[ERROR] 2017-12-14 21:26:04.670 [http-nio-8080-exec-5] UserRestService - com.mamasnack.service.UserRestServiceune erreur est produite lors de l'exécution du web service getuser : User inexistant !
[ERROR] 2017-12-14 21:26:07.585 [http-nio-8080-exec-4] UserRestService - com.mamasnack.service.UserRestServiceune erreur est produite lors de l'exécution du web service getuser : User inexistant !
[ERROR] 2017-12-14 21:29:12.333 [http-nio-8080-exec-9] UserRestService - com.mamasnack.service.UserRestServiceune erreur est produite lors de l'exécution du web service getuser : User inexistant !
[ERROR] 2017-12-14 21:29:12.411 [http-nio-8080-exec-10] UserRestService - com.mamasnack.service.UserRestServiceune erreur est produite lors de l'exécution du web service getuser : User inexistant !
[ERROR] 2017-12-14 21:30:10.190 [http-nio-8080-exec-8] UserRestService - com.mamasnack.service.UserRestServiceune erreur est produite lors de l'exécution du web service getuser : User inexistant !
[ERROR] 2017-12-14 21:30:10.274 [http-nio-8080-exec-1] UserRestService - com.mamasnack.service.UserRestServiceune erreur est produite lors de l'exécution du web service getuser : User inexistant !
[ERROR] 2017-12-14 21:30:14.819 [http-nio-8080-exec-3] UserRestService - com.mamasnack.service.UserRestServiceune erreur est produite lors de l'exécution du web service getuser : User inexistant !
[ERROR] 2017-12-14 21:30:14.876 [http-nio-8080-exec-6] UserRestService - com.mamasnack.service.UserRestServiceune erreur est produite lors de l'exécution du web service getuser : User inexistant !
[ERROR] 2017-12-14 21:30:16.844 [http-nio-8080-exec-2] UserRestService - com.mamasnack.service.UserRestServiceune erreur est produite lors de l'exécution du web service getuser : User inexistant !
[ERROR] 2017-12-14 21:30:16.873 [http-nio-8080-exec-7] UserRestService - com.mamasnack.service.UserRestServiceune erreur est produite lors de l'exécution du web service getuser : User inexistant !
[ERROR] 2017-12-14 21:30:18.886 [http-nio-8080-exec-8] UserRestService - com.mamasnack.service.UserRestServiceune erreur est produite lors de l'exécution du web service getuser : User inexistant !
[ERROR] 2017-12-14 21:30:18.972 [http-nio-8080-exec-1] UserRestService - com.mamasnack.service.UserRestServiceune erreur est produite lors de l'exécution du web service getuser : User inexistant !
[ERROR] 2017-12-14 21:30:22.531 [http-nio-8080-exec-4] UserRestService - com.mamasnack.service.UserRestServiceune erreur est produite lors de l'exécution du web service getuser : User inexistant !
[ERROR] 2017-12-14 21:33:55.045 [http-nio-8080-exec-3] UserRestService - com.mamasnack.service.UserRestServiceune erreur est produite lors de l'exécution du web service getuser : User inexistant !
[ERROR] 2017-12-14 21:33:55.115 [http-nio-8080-exec-10] UserRestService - com.mamasnack.service.UserRestServiceune erreur est produite lors de l'exécution du web service getuser : User inexistant !
