[INFO ] 2017-11-27 21:13:22.211 [main] MamasnackWsApplication - Starting MamasnackWsApplication on AYOUB-PC with PID 1268 (C:\Users\aybbk\git\mamasnack\mamasnackWS\target\classes started by aybbk in C:\Users\aybbk\git\mamasnack\mamasnackWS)
[INFO ] 2017-11-27 21:13:22.230 [main] MamasnackWsApplication - The following profiles are active: @spring.profiles.active@
[INFO ] 2017-11-27 21:13:33.695 [main] MamasnackWsApplication - Started MamasnackWsApplication in 11.999 seconds (JVM running for 14.001)
[INFO ] 2017-11-27 21:13:35.022 [http-nio-8080-exec-8] CommandeMetierImpl - Info message
[INFO ] 2017-11-27 21:13:36.926 [http-nio-8080-exec-7] CommandeMetierImpl - Info message
[INFO ] 2017-11-27 21:14:51.562 [http-nio-8080-exec-1] CommandeMetierImpl - Info message
[INFO ] 2017-11-27 21:14:53.703 [http-nio-8080-exec-6] CommandeRestService - getAllLigneDeCommande message
[INFO ] 2017-11-27 21:15:30.135 [http-nio-8080-exec-8] CommandeRestService - getAllLigneDeCommande message
[INFO ] 2017-11-27 21:16:34.456 [http-nio-8080-exec-3] CommandeMetierImpl - Info message
[INFO ] 2017-11-27 21:16:35.761 [http-nio-8080-exec-5] CommandeRestService - getAllLigneDeCommande message
[INFO ] 2017-11-27 21:16:40.232 [http-nio-8080-exec-2] CommandeRestService - getAllLigneDeCommande message
[INFO ] 2017-11-27 21:16:41.419 [http-nio-8080-exec-9] CommandeMetierImpl - Info message
[WARN ] 2017-11-27 21:16:41.419 [http-nio-8080-exec-9] CommandeMetierImpl - Warn message
[ERROR] 2017-11-27 21:16:41.419 [http-nio-8080-exec-9] CommandeMetierImpl - Error message
[INFO ] 2017-11-27 21:16:42.399 [http-nio-8080-exec-1] CommandeMetierImpl - Info message
[WARN ] 2017-11-27 21:16:42.399 [http-nio-8080-exec-1] CommandeMetierImpl - Warn message
[ERROR] 2017-11-27 21:16:42.399 [http-nio-8080-exec-1] CommandeMetierImpl - Error message
[INFO ] 2017-11-27 21:16:43.199 [http-nio-8080-exec-5] CommandeMetierImpl - Info message
[WARN ] 2017-11-27 21:16:43.200 [http-nio-8080-exec-5] CommandeMetierImpl - Warn message
[ERROR] 2017-11-27 21:16:43.200 [http-nio-8080-exec-5] CommandeMetierImpl - Error message
[INFO ] 2017-11-27 21:16:43.987 [http-nio-8080-exec-6] CommandeMetierImpl - Info message
[WARN ] 2017-11-27 21:16:43.987 [http-nio-8080-exec-6] CommandeMetierImpl - Warn message
[ERROR] 2017-11-27 21:16:43.987 [http-nio-8080-exec-6] CommandeMetierImpl - Error message
[INFO ] 2017-11-27 21:17:19.173 [http-nio-8080-exec-8] CommandeMetierImpl - Info message
[INFO ] 2017-11-27 21:17:20.544 [http-nio-8080-exec-2] CommandeRestService - getAllLigneDeCommande message
[INFO ] 2017-11-27 21:24:31.559 [http-nio-8080-exec-8] CommandeMetierImpl - Info message
[INFO ] 2017-11-27 21:33:43.567 [main] MamasnackWsApplication - Starting MamasnackWsApplication on AYOUB-PC with PID 7952 (C:\Users\aybbk\git\mamasnack\mamasnackWS\target\classes started by aybbk in C:\Users\aybbk\git\mamasnack\mamasnackWS)
[INFO ] 2017-11-27 21:33:43.578 [main] MamasnackWsApplication - The following profiles are active: @spring.profiles.active@
[INFO ] 2017-11-27 21:33:51.024 [main] MamasnackWsApplication - Started MamasnackWsApplication in 7.958 seconds (JVM running for 9.58)
[INFO ] 2017-11-27 21:40:27.080 [http-nio-8080-exec-2] CommandeMetierImpl - Info message
[WARN ] 2017-11-27 21:40:27.080 [http-nio-8080-exec-2] CommandeMetierImpl - Warn message
[ERROR] 2017-11-27 21:40:27.080 [http-nio-8080-exec-2] CommandeMetierImpl - Error message
[INFO ] 2017-11-27 21:45:58.469 [http-nio-8080-exec-1] CommandeMetierImpl - Info message
[INFO ] 2017-11-27 21:45:59.999 [http-nio-8080-exec-2] CommandeRestService - getAllLigneDeCommande message
[INFO ] 2017-11-27 21:46:01.418 [http-nio-8080-exec-4] CommandeRestService - getAllLigneDeCommande message
[INFO ] 2017-11-27 21:46:02.322 [http-nio-8080-exec-10] CommandeMetierImpl - Info message
[WARN ] 2017-11-27 21:46:02.323 [http-nio-8080-exec-10] CommandeMetierImpl - Warn message
[ERROR] 2017-11-27 21:46:02.324 [http-nio-8080-exec-10] CommandeMetierImpl - Error message
[INFO ] 2017-11-27 21:46:02.333 [http-nio-8080-exec-7] CommandeMetierImpl - Info message
[WARN ] 2017-11-27 21:46:02.334 [http-nio-8080-exec-7] CommandeMetierImpl - Warn message
[ERROR] 2017-11-27 21:46:02.334 [http-nio-8080-exec-7] CommandeMetierImpl - Error message
[INFO ] 2017-11-27 21:46:03.243 [http-nio-8080-exec-9] CommandeMetierImpl - Info message
[WARN ] 2017-11-27 21:46:03.243 [http-nio-8080-exec-9] CommandeMetierImpl - Warn message
[ERROR] 2017-11-27 21:46:03.243 [http-nio-8080-exec-9] CommandeMetierImpl - Error message
[INFO ] 2017-11-27 21:46:03.244 [http-nio-8080-exec-6] CommandeMetierImpl - Info message
[WARN ] 2017-11-27 21:46:03.245 [http-nio-8080-exec-6] CommandeMetierImpl - Warn message
[ERROR] 2017-11-27 21:46:03.245 [http-nio-8080-exec-6] CommandeMetierImpl - Error message
[INFO ] 2017-11-27 21:46:03.613 [http-nio-8080-exec-8] CommandeMetierImpl - Info message
[WARN ] 2017-11-27 21:46:03.613 [http-nio-8080-exec-8] CommandeMetierImpl - Warn message
[ERROR] 2017-11-27 21:46:03.613 [http-nio-8080-exec-8] CommandeMetierImpl - Error message
[INFO ] 2017-11-27 21:46:03.619 [http-nio-8080-exec-5] CommandeMetierImpl - Info message
[WARN ] 2017-11-27 21:46:03.619 [http-nio-8080-exec-5] CommandeMetierImpl - Warn message
[ERROR] 2017-11-27 21:46:03.619 [http-nio-8080-exec-5] CommandeMetierImpl - Error message
[INFO ] 2017-11-27 21:46:04.195 [http-nio-8080-exec-3] CommandeMetierImpl - Info message
[INFO ] 2017-11-27 21:46:04.197 [http-nio-8080-exec-1] CommandeMetierImpl - Info message
[WARN ] 2017-11-27 21:46:04.197 [http-nio-8080-exec-1] CommandeMetierImpl - Warn message
[WARN ] 2017-11-27 21:46:04.197 [http-nio-8080-exec-3] CommandeMetierImpl - Warn message
[ERROR] 2017-11-27 21:46:04.197 [http-nio-8080-exec-1] CommandeMetierImpl - Error message
[ERROR] 2017-11-27 21:46:04.198 [http-nio-8080-exec-3] CommandeMetierImpl - Error message
[INFO ] 2017-11-27 21:46:04.968 [http-nio-8080-exec-5] CommandeMetierImpl - Info message
[WARN ] 2017-11-27 21:46:04.969 [http-nio-8080-exec-5] CommandeMetierImpl - Warn message
[ERROR] 2017-11-27 21:46:04.969 [http-nio-8080-exec-5] CommandeMetierImpl - Error message
[INFO ] 2017-11-27 21:46:04.970 [http-nio-8080-exec-8] CommandeMetierImpl - Info message
[WARN ] 2017-11-27 21:46:04.970 [http-nio-8080-exec-8] CommandeMetierImpl - Warn message
[ERROR] 2017-11-27 21:46:04.970 [http-nio-8080-exec-8] CommandeMetierImpl - Error message
[INFO ] 2017-11-27 21:46:05.607 [http-nio-8080-exec-3] CommandeMetierImpl - Info message
[WARN ] 2017-11-27 21:46:05.607 [http-nio-8080-exec-3] CommandeMetierImpl - Warn message
[ERROR] 2017-11-27 21:46:05.607 [http-nio-8080-exec-3] CommandeMetierImpl - Error message
[INFO ] 2017-11-27 21:46:05.610 [http-nio-8080-exec-1] CommandeMetierImpl - Info message
[WARN ] 2017-11-27 21:46:05.610 [http-nio-8080-exec-1] CommandeMetierImpl - Warn message
[ERROR] 2017-11-27 21:46:05.610 [http-nio-8080-exec-1] CommandeMetierImpl - Error message
[INFO ] 2017-11-27 21:46:06.084 [http-nio-8080-exec-4] CommandeMetierImpl - Info message
[WARN ] 2017-11-27 21:46:06.084 [http-nio-8080-exec-4] CommandeMetierImpl - Warn message
[ERROR] 2017-11-27 21:46:06.084 [http-nio-8080-exec-4] CommandeMetierImpl - Error message
[INFO ] 2017-11-27 21:46:06.085 [http-nio-8080-exec-7] CommandeMetierImpl - Info message
[WARN ] 2017-11-27 21:46:06.085 [http-nio-8080-exec-7] CommandeMetierImpl - Warn message
[ERROR] 2017-11-27 21:46:06.086 [http-nio-8080-exec-7] CommandeMetierImpl - Error message
[INFO ] 2017-11-27 21:46:06.657 [http-nio-8080-exec-10] CommandeMetierImpl - Info message
[WARN ] 2017-11-27 21:46:06.657 [http-nio-8080-exec-10] CommandeMetierImpl - Warn message
[ERROR] 2017-11-27 21:46:06.658 [http-nio-8080-exec-10] CommandeMetierImpl - Error message
[INFO ] 2017-11-27 21:46:06.658 [http-nio-8080-exec-2] CommandeMetierImpl - Info message
[WARN ] 2017-11-27 21:46:06.658 [http-nio-8080-exec-2] CommandeMetierImpl - Warn message
[ERROR] 2017-11-27 21:46:06.658 [http-nio-8080-exec-2] CommandeMetierImpl - Error message
[INFO ] 2017-11-27 21:46:10.833 [http-nio-8080-exec-5] CommandeMetierImpl - Info message
[INFO ] 2017-11-27 21:46:10.833 [http-nio-8080-exec-8] CommandeMetierImpl - Info message
[WARN ] 2017-11-27 21:46:10.834 [http-nio-8080-exec-5] CommandeMetierImpl - Warn message
[WARN ] 2017-11-27 21:46:10.834 [http-nio-8080-exec-8] CommandeMetierImpl - Warn message
[ERROR] 2017-11-27 21:46:10.834 [http-nio-8080-exec-5] CommandeMetierImpl - Error message
[ERROR] 2017-11-27 21:46:10.834 [http-nio-8080-exec-8] CommandeMetierImpl - Error message
[INFO ] 2017-11-27 21:46:11.656 [http-nio-8080-exec-3] CommandeMetierImpl - Info message
[WARN ] 2017-11-27 21:46:11.657 [http-nio-8080-exec-3] CommandeMetierImpl - Warn message
[INFO ] 2017-11-27 21:46:11.657 [http-nio-8080-exec-1] CommandeMetierImpl - Info message
[ERROR] 2017-11-27 21:46:11.657 [http-nio-8080-exec-3] CommandeMetierImpl - Error message
[WARN ] 2017-11-27 21:46:11.657 [http-nio-8080-exec-1] CommandeMetierImpl - Warn message
[ERROR] 2017-11-27 21:46:11.657 [http-nio-8080-exec-1] CommandeMetierImpl - Error message
[INFO ] 2017-11-27 21:46:12.241 [http-nio-8080-exec-7] CommandeMetierImpl - Info message
[INFO ] 2017-11-27 21:46:12.241 [http-nio-8080-exec-4] CommandeMetierImpl - Info message
[WARN ] 2017-11-27 21:46:12.241 [http-nio-8080-exec-7] CommandeMetierImpl - Warn message
[WARN ] 2017-11-27 21:46:12.241 [http-nio-8080-exec-4] CommandeMetierImpl - Warn message
[ERROR] 2017-11-27 21:46:12.241 [http-nio-8080-exec-7] CommandeMetierImpl - Error message
[ERROR] 2017-11-27 21:46:12.241 [http-nio-8080-exec-4] CommandeMetierImpl - Error message
[INFO ] 2017-11-27 21:47:57.619 [http-nio-8080-exec-1] CommandeMetierImpl - Info message
[INFO ] 2017-11-27 21:48:12.787 [http-nio-8080-exec-2] CommandeMetierImpl - Info message
[INFO ] 2017-11-27 21:48:59.560 [http-nio-8080-exec-9] CommandeMetierImpl - Info message
[INFO ] 2017-11-27 21:49:02.507 [http-nio-8080-exec-3] CommandeRestService - getAllLigneDeCommande message
[INFO ] 2017-11-27 21:49:03.735 [http-nio-8080-exec-9] CommandeRestService - getAllLigneDeCommande message
[INFO ] 2017-11-27 21:49:04.859 [http-nio-8080-exec-2] CommandeMetierImpl - Info message
[WARN ] 2017-11-27 21:49:04.859 [http-nio-8080-exec-2] CommandeMetierImpl - Warn message
[ERROR] 2017-11-27 21:49:04.860 [http-nio-8080-exec-2] CommandeMetierImpl - Error message
[INFO ] 2017-11-27 21:49:04.870 [http-nio-8080-exec-10] CommandeMetierImpl - Info message
[WARN ] 2017-11-27 21:49:04.870 [http-nio-8080-exec-10] CommandeMetierImpl - Warn message
[ERROR] 2017-11-27 21:49:04.871 [http-nio-8080-exec-10] CommandeMetierImpl - Error message
[INFO ] 2017-11-27 21:49:08.764 [http-nio-8080-exec-8] CommandeMetierImpl - Info message
[WARN ] 2017-11-27 21:49:08.764 [http-nio-8080-exec-8] CommandeMetierImpl - Warn message
[ERROR] 2017-11-27 21:49:08.764 [http-nio-8080-exec-8] CommandeMetierImpl - Error message
[INFO ] 2017-11-27 21:49:08.766 [http-nio-8080-exec-7] CommandeMetierImpl - Info message
[WARN ] 2017-11-27 21:49:08.768 [http-nio-8080-exec-7] CommandeMetierImpl - Warn message
[ERROR] 2017-11-27 21:49:08.768 [http-nio-8080-exec-7] CommandeMetierImpl - Error message
[INFO ] 2017-11-27 21:53:25.161 [http-nio-8080-exec-2] CommandeMetierImpl - Info message
[INFO ] 2017-11-27 21:53:26.706 [http-nio-8080-exec-6] CommandeRestService - getAllLigneDeCommande message
[INFO ] 2017-11-27 21:53:29.826 [http-nio-8080-exec-5] CommandeRestService - getAllLigneDeCommande message
[INFO ] 2017-11-27 21:53:30.550 [http-nio-8080-exec-2] CommandeMetierImpl - Info message
[INFO ] 2017-11-27 21:53:30.550 [http-nio-8080-exec-8] CommandeMetierImpl - Info message
[WARN ] 2017-11-27 21:53:30.550 [http-nio-8080-exec-2] CommandeMetierImpl - Warn message
[WARN ] 2017-11-27 21:53:30.550 [http-nio-8080-exec-8] CommandeMetierImpl - Warn message
[ERROR] 2017-11-27 21:53:30.551 [http-nio-8080-exec-2] CommandeMetierImpl - Error message
[ERROR] 2017-11-27 21:53:30.551 [http-nio-8080-exec-8] CommandeMetierImpl - Error message
[INFO ] 2017-11-27 21:53:33.274 [http-nio-8080-exec-10] CommandeMetierImpl - Info message
[WARN ] 2017-11-27 21:53:33.274 [http-nio-8080-exec-10] CommandeMetierImpl - Warn message
[ERROR] 2017-11-27 21:53:33.274 [http-nio-8080-exec-10] CommandeMetierImpl - Error message
[INFO ] 2017-11-27 21:53:33.275 [http-nio-8080-exec-6] CommandeMetierImpl - Info message
[WARN ] 2017-11-27 21:53:33.275 [http-nio-8080-exec-6] CommandeMetierImpl - Warn message
[ERROR] 2017-11-27 21:53:33.275 [http-nio-8080-exec-6] CommandeMetierImpl - Error message
[INFO ] 2017-11-27 21:53:34.350 [http-nio-8080-exec-7] CommandeMetierImpl - Info message
[WARN ] 2017-11-27 21:53:34.350 [http-nio-8080-exec-7] CommandeMetierImpl - Warn message
[ERROR] 2017-11-27 21:53:34.351 [http-nio-8080-exec-7] CommandeMetierImpl - Error message
[INFO ] 2017-11-27 21:53:34.351 [http-nio-8080-exec-3] CommandeMetierImpl - Info message
[WARN ] 2017-11-27 21:53:34.352 [http-nio-8080-exec-3] CommandeMetierImpl - Warn message
[ERROR] 2017-11-27 21:53:34.352 [http-nio-8080-exec-3] CommandeMetierImpl - Error message
[INFO ] 2017-11-27 21:53:35.048 [http-nio-8080-exec-1] CommandeMetierImpl - Info message
[INFO ] 2017-11-27 21:53:35.048 [http-nio-8080-exec-4] CommandeMetierImpl - Info message
[WARN ] 2017-11-27 21:53:35.048 [http-nio-8080-exec-1] CommandeMetierImpl - Warn message
[WARN ] 2017-11-27 21:53:35.048 [http-nio-8080-exec-4] CommandeMetierImpl - Warn message
[ERROR] 2017-11-27 21:53:35.048 [http-nio-8080-exec-1] CommandeMetierImpl - Error message
[ERROR] 2017-11-27 21:53:35.048 [http-nio-8080-exec-4] CommandeMetierImpl - Error message
[INFO ] 2017-11-27 21:53:36.193 [http-nio-8080-exec-9] CommandeRestService - getAllLigneDeCommande message
[INFO ] 2017-11-27 21:53:36.605 [http-nio-8080-exec-5] CommandeRestService - getAllLigneDeCommande message
[INFO ] 2017-11-27 21:53:36.784 [http-nio-8080-exec-2] CommandeRestService - getAllLigneDeCommande message
[INFO ] 2017-11-27 21:53:38.017 [http-nio-8080-exec-8] CommandeMetierImpl - Info message
[WARN ] 2017-11-27 21:53:38.017 [http-nio-8080-exec-8] CommandeMetierImpl - Warn message
[INFO ] 2017-11-27 21:53:38.017 [http-nio-8080-exec-10] CommandeMetierImpl - Info message
[ERROR] 2017-11-27 21:53:38.018 [http-nio-8080-exec-8] CommandeMetierImpl - Error message
[WARN ] 2017-11-27 21:53:38.018 [http-nio-8080-exec-10] CommandeMetierImpl - Warn message
[ERROR] 2017-11-27 21:53:38.018 [http-nio-8080-exec-10] CommandeMetierImpl - Error message
[INFO ] 2017-11-27 21:53:39.686 [http-nio-8080-exec-10] CommandeMetierImpl - Info message
[INFO ] 2017-11-27 21:53:40.778 [http-nio-8080-exec-8] CommandeRestService - getAllLigneDeCommande message
[INFO ] 2017-11-27 21:54:17.766 [http-nio-8080-exec-8] CommandeMetierImpl - Info message
[INFO ] 2017-11-27 21:54:19.033 [http-nio-8080-exec-10] CommandeRestService - getAllLigneDeCommande message
[INFO ] 2017-11-27 21:54:19.038 [http-nio-8080-exec-5] CommandeMetierImpl - Info message
[WARN ] 2017-11-27 21:54:19.038 [http-nio-8080-exec-5] CommandeMetierImpl - Warn message
[ERROR] 2017-11-27 21:54:19.038 [http-nio-8080-exec-5] CommandeMetierImpl - Error message
[INFO ] 2017-11-27 21:54:20.683 [http-nio-8080-exec-4] CommandeRestService - getAllLigneDeCommande message
[INFO ] 2017-11-27 21:54:21.543 [http-nio-8080-exec-5] CommandeMetierImpl - Info message
[WARN ] 2017-11-27 21:54:21.543 [http-nio-8080-exec-5] CommandeMetierImpl - Warn message
[ERROR] 2017-11-27 21:54:21.543 [http-nio-8080-exec-5] CommandeMetierImpl - Error message
[INFO ] 2017-11-27 21:54:21.544 [http-nio-8080-exec-2] CommandeMetierImpl - Info message
[WARN ] 2017-11-27 21:54:21.544 [http-nio-8080-exec-2] CommandeMetierImpl - Warn message
[ERROR] 2017-11-27 21:54:21.544 [http-nio-8080-exec-2] CommandeMetierImpl - Error message
[INFO ] 2017-11-27 21:54:22.207 [http-nio-8080-exec-10] CommandeMetierImpl - Info message
[WARN ] 2017-11-27 21:54:22.207 [http-nio-8080-exec-10] CommandeMetierImpl - Warn message
[ERROR] 2017-11-27 21:54:22.207 [http-nio-8080-exec-10] CommandeMetierImpl - Error message
[INFO ] 2017-11-27 21:54:22.208 [http-nio-8080-exec-1] CommandeMetierImpl - Info message
[WARN ] 2017-11-27 21:54:22.208 [http-nio-8080-exec-1] CommandeMetierImpl - Warn message
[ERROR] 2017-11-27 21:54:22.208 [http-nio-8080-exec-1] CommandeMetierImpl - Error message
[INFO ] 2017-11-27 21:54:22.987 [http-nio-8080-exec-7] CommandeMetierImpl - Info message
[WARN ] 2017-11-27 21:54:22.988 [http-nio-8080-exec-7] CommandeMetierImpl - Warn message
[ERROR] 2017-11-27 21:54:22.988 [http-nio-8080-exec-7] CommandeMetierImpl - Error message
[INFO ] 2017-11-27 21:54:22.989 [http-nio-8080-exec-9] CommandeMetierImpl - Info message
[WARN ] 2017-11-27 21:54:22.989 [http-nio-8080-exec-9] CommandeMetierImpl - Warn message
[ERROR] 2017-11-27 21:54:22.989 [http-nio-8080-exec-9] CommandeMetierImpl - Error message
[INFO ] 2017-11-27 21:54:23.442 [http-nio-8080-exec-8] CommandeMetierImpl - Info message
[WARN ] 2017-11-27 21:54:23.443 [http-nio-8080-exec-8] CommandeMetierImpl - Warn message
[ERROR] 2017-11-27 21:54:23.443 [http-nio-8080-exec-8] CommandeMetierImpl - Error message
[INFO ] 2017-11-27 21:54:23.443 [http-nio-8080-exec-6] CommandeMetierImpl - Info message
[WARN ] 2017-11-27 21:54:23.443 [http-nio-8080-exec-6] CommandeMetierImpl - Warn message
[ERROR] 2017-11-27 21:54:23.443 [http-nio-8080-exec-6] CommandeMetierImpl - Error message
[ERROR] 2017-11-27 21:58:26.332 [http-nio-8080-exec-1] ProduitMetierImpl - com.mamasnack.metier.ProduitMetierImplune erreur est produite lors de l'exécution du web service modifierCategorie : 
[ERROR] 2017-11-27 22:00:40.091 [http-nio-8080-exec-6] ProduitMetierImpl - com.mamasnack.metier.ProduitMetierImplune erreur est produite lors de l'exécution du web service modifierCuisine : 
[INFO ] 2017-11-27 22:09:10.640 [main] MamasnackWsApplication - Starting MamasnackWsApplication on AYOUB-PC with PID 6364 (C:\Users\aybbk\git\mamasnack\mamasnackWS\target\classes started by aybbk in C:\Users\aybbk\git\mamasnack\mamasnackWS)
[INFO ] 2017-11-27 22:09:10.647 [main] MamasnackWsApplication - The following profiles are active: @spring.profiles.active@
[INFO ] 2017-11-27 22:09:19.451 [main] MamasnackWsApplication - Started MamasnackWsApplication in 9.287 seconds (JVM running for 13.321)
[ERROR] 2017-11-27 22:09:39.296 [http-nio-8080-exec-1] ProduitMetierImpl - com.mamasnack.metier.ProduitMetierImplune erreur est produite lors de l'exécution du web service modifierCategorie : 
[ERROR] 2017-11-27 22:09:53.540 [http-nio-8080-exec-4] ProduitMetierImpl - com.mamasnack.metier.ProduitMetierImplune erreur est produite lors de l'exécution du web service modifierCuisine : 
[INFO ] 2017-11-27 22:13:03.638 [main] MamasnackWsApplication - Starting MamasnackWsApplication on AYOUB-PC with PID 8956 (C:\Users\aybbk\git\mamasnack\mamasnackWS\target\classes started by aybbk in C:\Users\aybbk\git\mamasnack\mamasnackWS)
[INFO ] 2017-11-27 22:13:03.645 [main] MamasnackWsApplication - The following profiles are active: @spring.profiles.active@
[INFO ] 2017-11-27 22:13:10.829 [main] MamasnackWsApplication - Started MamasnackWsApplication in 7.625 seconds (JVM running for 9.006)
[INFO ] 2017-11-27 22:17:01.104 [main] MamasnackWsApplication - Starting MamasnackWsApplication on AYOUB-PC with PID 6636 (C:\Users\aybbk\git\mamasnack\mamasnackWS\target\classes started by aybbk in C:\Users\aybbk\git\mamasnack\mamasnackWS)
[INFO ] 2017-11-27 22:17:01.110 [main] MamasnackWsApplication - The following profiles are active: @spring.profiles.active@
[INFO ] 2017-11-27 22:17:07.790 [main] MamasnackWsApplication - Started MamasnackWsApplication in 7.037 seconds (JVM running for 8.085)
[ERROR] 2017-11-27 22:18:27.224 [http-nio-8080-exec-4] ProduitRestService - com.mamasnack.service.ProduitRestServiceune erreur est produite lors de l'exécution du web service SupprimerCategorie : could not execute statement; SQL [n/a]; constraint [null]; nested exception is org.hibernate.exception.ConstraintViolationException: could not execute statement
[INFO ] 2017-11-27 22:28:22.904 [http-nio-8080-exec-8] CommandeRestService - getAllLigneDeCommande message
[INFO ] 2017-11-27 22:28:22.927 [http-nio-8080-exec-10] CommandeMetierImpl - Info message
[WARN ] 2017-11-27 22:28:22.927 [http-nio-8080-exec-10] CommandeMetierImpl - Warn message
[ERROR] 2017-11-27 22:28:22.927 [http-nio-8080-exec-10] CommandeMetierImpl - Error message
