[INFO ] 2017-12-06 16:11:52.740 [main] MamasnackWsApplication - Starting MamasnackWsApplication on AYOUB-PC with PID 3872 (C:\Users\aybbk\git\mamasnack\mamasnackWS\target\classes started by aybbk in C:\Users\aybbk\git\mamasnack\mamasnackWS)
[INFO ] 2017-12-06 16:11:52.762 [main] MamasnackWsApplication - The following profiles are active: @spring.profiles.active@
[INFO ] 2017-12-06 16:12:00.856 [main] MamasnackWsApplication - Started MamasnackWsApplication in 8.592 seconds (JVM running for 10.023)
[ERROR] 2017-12-06 17:00:41.235 [http-nio-8080-exec-6] ProduitRestService - com.mamasnack.service.ProduitRestServiceune erreur est produite lors de l'exécution du web service ajouterProduit : could not execute statement; nested exception is org.hibernate.exception.GenericJDBCException: could not execute statement
[INFO ] 2017-12-06 22:55:18.549 [main] MamasnackWsApplication - Starting MamasnackWsApplication on AYOUB-PC with PID 13960 (C:\Users\aybbk\git\mamasnack\mamasnackWS\target\classes started by aybbk in C:\Users\aybbk\git\mamasnack\mamasnackWS)
[INFO ] 2017-12-06 22:55:18.562 [main] MamasnackWsApplication - The following profiles are active: @spring.profiles.active@
[INFO ] 2017-12-06 23:11:36.738 [main] MamasnackWsApplication - Starting MamasnackWsApplication on AYOUB-PC with PID 13240 (C:\Users\aybbk\git\mamasnack\mamasnackWS\target\classes started by aybbk in C:\Users\aybbk\git\mamasnack\mamasnackWS)
[INFO ] 2017-12-06 23:11:36.752 [main] MamasnackWsApplication - The following profiles are active: @spring.profiles.active@
[INFO ] 2017-12-06 23:19:08.040 [main] MamasnackWsApplication - Starting MamasnackWsApplication on AYOUB-PC with PID 10744 (C:\Users\aybbk\git\mamasnack\mamasnackWS\target\classes started by aybbk in C:\Users\aybbk\git\mamasnack\mamasnackWS)
[INFO ] 2017-12-06 23:19:08.050 [main] MamasnackWsApplication - The following profiles are active: @spring.profiles.active@
[INFO ] 2017-12-06 23:24:51.365 [main] MamasnackWsApplication - Starting MamasnackWsApplication on AYOUB-PC with PID 11868 (C:\Users\aybbk\git\mamasnack\mamasnackWS\target\classes started by aybbk in C:\Users\aybbk\git\mamasnack\mamasnackWS)
[INFO ] 2017-12-06 23:24:51.370 [main] MamasnackWsApplication - The following profiles are active: @spring.profiles.active@
[INFO ] 2017-12-06 23:24:56.974 [main] MamasnackWsApplication - Started MamasnackWsApplication in 5.943 seconds (JVM running for 7.243)
[ERROR] 2017-12-06 23:25:08.545 [http-nio-8080-exec-2] ProduitRestService - com.mamasnack.service.ProduitRestServiceune erreur est produite lors de l'exécution du web service ajouterProduit : could not execute statement; nested exception is org.hibernate.exception.GenericJDBCException: could not execute statement
[ERROR] 2017-12-06 23:27:19.399 [http-nio-8080-exec-5] ProduitRestService - com.mamasnack.service.ProduitRestServiceune erreur est produite lors de l'exécution du web service ajouterProduit : could not execute statement; nested exception is org.hibernate.exception.GenericJDBCException: could not execute statement
[ERROR] 2017-12-06 23:30:33.256 [http-nio-8080-exec-8] ProduitRestService - com.mamasnack.service.ProduitRestServiceune erreur est produite lors de l'exécution du web service ajouterProduit : could not execute statement; nested exception is org.hibernate.exception.GenericJDBCException: could not execute statement
[ERROR] 2017-12-06 23:31:29.871 [http-nio-8080-exec-10] ProduitRestService - com.mamasnack.service.ProduitRestServiceune erreur est produite lors de l'exécution du web service ajouterProduit : Validation failed for classes [com.mamasnack.entities.Produit] during persist time for groups [javax.validation.groups.Default, ]
List of constraint violations:[
	ConstraintViolationImpl{interpolatedMessage='la taille doit être comprise entre 1 et 4', propertyPath=designation, rootBeanClass=class com.mamasnack.entities.Produit, messageTemplate='{javax.validation.constraints.Size.message}'}
]
[ERROR] 2017-12-06 23:32:02.358 [http-nio-8080-exec-1] ProduitRestService - com.mamasnack.service.ProduitRestServiceune erreur est produite lors de l'exécution du web service ajouterProduit : could not execute statement; nested exception is org.hibernate.exception.GenericJDBCException: could not execute statement
[ERROR] 2017-12-06 23:32:16.436 [http-nio-8080-exec-2] ProduitRestService - com.mamasnack.service.ProduitRestServiceune erreur est produite lors de l'exécution du web service ajouterProduit : could not execute statement; nested exception is org.hibernate.exception.GenericJDBCException: could not execute statement
[INFO ] 2017-12-06 23:37:25.885 [http-nio-8080-exec-4] CommandeMetierImpl - Info message
[INFO ] 2017-12-06 23:37:28.078 [http-nio-8080-exec-4] CommandeMetierImpl - Info message
[INFO ] 2017-12-06 23:38:23.418 [http-nio-8080-exec-2] CommandeMetierImpl - Info message
[INFO ] 2017-12-06 23:38:37.520 [http-nio-8080-exec-7] CommandeMetierImpl - Info message
[INFO ] 2017-12-06 23:39:08.692 [http-nio-8080-exec-5] CommandeMetierImpl - Info message
[INFO ] 2017-12-06 23:39:10.805 [http-nio-8080-exec-5] CommandeMetierImpl - Info message
[INFO ] 2017-12-06 23:39:12.120 [http-nio-8080-exec-5] CommandeMetierImpl - Info message
[ERROR] 2017-12-06 23:45:04.034 [http-nio-8080-exec-2] ProduitRestService - com.mamasnack.service.ProduitRestServiceune erreur est produite lors de l'exécution du web service ajouterProduit : could not execute statement; nested exception is org.hibernate.exception.GenericJDBCException: could not execute statement
[INFO ] 2017-12-06 23:47:14.751 [main] MamasnackWsApplication - Starting MamasnackWsApplication on AYOUB-PC with PID 1748 (C:\Users\aybbk\git\mamasnack\mamasnackWS\target\classes started by aybbk in C:\Users\aybbk\git\mamasnack\mamasnackWS)
[INFO ] 2017-12-06 23:47:14.757 [main] MamasnackWsApplication - The following profiles are active: @spring.profiles.active@
[INFO ] 2017-12-06 23:47:22.178 [main] MamasnackWsApplication - Started MamasnackWsApplication in 7.887 seconds (JVM running for 9.087)
[ERROR] 2017-12-06 23:47:34.338 [http-nio-8080-exec-1] ProduitRestService - com.mamasnack.service.ProduitRestServiceune erreur est produite lors de l'exécution du web service ajouterProduit : could not execute statement; nested exception is org.hibernate.exception.GenericJDBCException: could not execute statement
