[INFO ] 2017-11-22 02:20:20.695 [main] MamasnackWsApplication - Starting MamasnackWsApplication on AYOUB-PC with PID 5244 (C:\Users\aybbk\git\mamasnack\mamasnackWS\target\classes started by aybbk in C:\Users\aybbk\git\mamasnack\mamasnackWS)
[INFO ] 2017-11-22 02:20:20.721 [main] MamasnackWsApplication - The following profiles are active: @spring.profiles.active@
[INFO ] 2017-11-22 11:38:06.850 [main] MamasnackWsApplication - Starting MamasnackWsApplication on AYOUB-PC with PID 9760 (C:\Users\aybbk\git\mamasnack\mamasnackWS\target\classes started by aybbk in C:\Users\aybbk\git\mamasnack\mamasnackWS)
[INFO ] 2017-11-22 11:38:06.856 [main] MamasnackWsApplication - The following profiles are active: @spring.profiles.active@
[INFO ] 2017-11-22 11:38:17.722 [main] MamasnackWsApplication - Started MamasnackWsApplication in 11.252 seconds (JVM running for 12.549)
[ERROR] 2017-11-22 12:18:22.338 [http-nio-8080-exec-7] UserMetierImpl - com.mamasnack.metier.UserMetierImplle role existe deja 1
[INFO ] 2017-11-22 17:18:44.648 [main] MamasnackWsApplication - Starting MamasnackWsApplication on AYOUB-PC with PID 8592 (C:\Users\aybbk\git\mamasnack\mamasnackWS\target\classes started by aybbk in C:\Users\aybbk\git\mamasnack\mamasnackWS)
[INFO ] 2017-11-22 17:18:44.656 [main] MamasnackWsApplication - The following profiles are active: @spring.profiles.active@
[INFO ] 2017-11-22 21:16:36.559 [http-nio-8080-exec-3] CommandeMetierImpl - Info message
[INFO ] 2017-11-22 21:29:28.652 [main] MamasnackWsApplication - Starting MamasnackWsApplication on AYOUB-PC with PID 8788 (C:\Users\aybbk\git\mamasnack\mamasnackWS\target\classes started by aybbk in C:\Users\aybbk\git\mamasnack\mamasnackWS)
[INFO ] 2017-11-22 21:29:28.672 [main] MamasnackWsApplication - The following profiles are active: @spring.profiles.active@
[INFO ] 2017-11-22 21:33:33.005 [main] MamasnackWsApplication - Starting MamasnackWsApplication on AYOUB-PC with PID 7764 (C:\Users\aybbk\git\mamasnack\mamasnackWS\target\classes started by aybbk in C:\Users\aybbk\git\mamasnack\mamasnackWS)
[INFO ] 2017-11-22 21:33:33.011 [main] MamasnackWsApplication - The following profiles are active: @spring.profiles.active@
[INFO ] 2017-11-22 21:33:41.081 [main] MamasnackWsApplication - Started MamasnackWsApplication in 8.509 seconds (JVM running for 10.082)
[INFO ] 2017-11-22 22:58:12.773 [main] MamasnackWsApplication - Starting MamasnackWsApplication on AYOUB-PC with PID 11520 (C:\Users\aybbk\git\mamasnack\mamasnackWS\target\classes started by aybbk in C:\Users\aybbk\git\mamasnack\mamasnackWS)
[INFO ] 2017-11-22 22:58:12.783 [main] MamasnackWsApplication - The following profiles are active: @spring.profiles.active@
[INFO ] 2017-11-22 22:58:19.571 [main] MamasnackWsApplication - Started MamasnackWsApplication in 7.265 seconds (JVM running for 8.485)
[ERROR] 2017-11-22 22:59:11.702 [http-nio-8080-exec-7] ProduitRestService - com.mamasnack.service.ProduitRestServiceune erreur est produite lors de l'exécution du web service ajouterProduit : Validation failed for classes [com.mamasnack.entities.Produit] during persist time for groups [javax.validation.groups.Default, ]
List of constraint violations:[
	ConstraintViolationImpl{interpolatedMessage='la taille doit être comprise entre 1 et 4', propertyPath=designation, rootBeanClass=class com.mamasnack.entities.Produit, messageTemplate='{javax.validation.constraints.Size.message}'}
]
